# JRE version: OpenJDK Runtime Environment (7.0_91-b02) (build 1.7.0_91-b02)
# Java VM: OpenJDK 64-Bit Server VM (24.91-b01 mixed mode linux-amd64 compressed oops)
Heap
 par new generation   total 613440K, used 465432K [0x0000000775a00000, 0x000000079f390000, 0x000000079f390000)
  eden space 545344K,  75% used [0x0000000775a00000, 0x000000078eddb658, 0x0000000796e90000)
  from space 68096K,  76% used [0x0000000796e90000, 0x000000079a13a9f8, 0x000000079b110000)
  to   space 68096K,   0% used [0x000000079b110000, 0x000000079b110000, 0x000000079f390000)
 concurrent mark-sweep generation total 1415616K, used 44956K [0x000000079f390000, 0x00000007f5a00000, 0x00000007f5a00000)
 concurrent-mark-sweep perm gen total 65536K, used 30534K [0x00000007f5a00000, 0x00000007f9a00000, 0x0000000800000000)
GC Heap History (10 events):
Event: 13.889 GC heap before
{Heap before GC invocations=5 (full 0):
 par new generation   total 613440K, used 613440K [0x0000000775a00000, 0x000000079f390000, 0x000000079f390000)
  eden space 545344K, 100% used [0x0000000775a00000, 0x0000000796e90000, 0x0000000796e90000)
  from space 68096K, 100% used [0x000000079b110000, 0x000000079f390000, 0x000000079f390000)
  to   space 68096K,   0% used [0x0000000796e90000, 0x0000000796e90000, 0x000000079b110000)
 concurrent mark-sweep generation total 1415616K, used 43238K [0x000000079f390000, 0x00000007f5a00000, 0x00000007f5a00000)
 concurrent-mark-sweep perm gen total 65536K, used 30232K [0x00000007f5a00000, 0x00000007f9a00000, 0x0000000800000000)
Event: 13.899 GC heap after
Heap after GC invocations=6 (full 0):
 par new generation   total 613440K, used 27865K [0x0000000775a00000, 0x000000079f390000, 0x000000079f390000)
  eden space 545344K,   0% used [0x0000000775a00000, 0x0000000775a00000, 0x0000000796e90000)
  from space 68096K,  40% used [0x0000000796e90000, 0x00000007989c6788, 0x000000079b110000)
  to   space 68096K,   0% used [0x000000079b110000, 0x000000079b110000, 0x000000079f390000)
 concurrent mark-sweep generation total 1415616K, used 44956K [0x000000079f390000, 0x00000007f5a00000, 0x00000007f5a00000)
 concurrent-mark-sweep perm gen total 65536K, used 30232K [0x00000007f5a00000, 0x00000007f9a00000, 0x0000000800000000)
}
Event: 14.937 GC heap before
{Heap before GC invocations=6 (full 0):
 par new generation   total 613440K, used 573209K [0x0000000775a00000, 0x000000079f390000, 0x000000079f390000)
  eden space 545344K, 100% used [0x0000000775a00000, 0x0000000796e90000, 0x0000000796e90000)
  from space 68096K,  40% used [0x0000000796e90000, 0x00000007989c6788, 0x000000079b110000)
  to   space 68096K,   0% used [0x000000079b110000, 0x000000079b110000, 0x000000079f390000)
 concurrent mark-sweep generation total 1415616K, used 44956K [0x000000079f390000, 0x00000007f5a00000, 0x00000007f5a00000)
 concurrent-mark-sweep perm gen total 65536K, used 30261K [0x00000007f5a00000, 0x00000007f9a00000, 0x0000000800000000)
Event: 14.944 GC heap after
Heap after GC invocations=7 (full 0):
 par new generation   total 613440K, used 41114K [0x0000000775a00000, 0x000000079f390000, 0x000000079f390000)
  eden space 545344K,   0% used [0x0000000775a00000, 0x0000000775a00000, 0x0000000796e90000)
  from space 68096K,  60% used [0x000000079b110000, 0x000000079d936a68, 0x000000079f390000)
  to   space 68096K,   0% used [0x0000000796e90000, 0x0000000796e90000, 0x000000079b110000)
 concurrent mark-sweep generation total 1415616K, used 44956K [0x000000079f390000, 0x00000007f5a00000, 0x00000007f5a00000)
 concurrent-mark-sweep perm gen total 65536K, used 30261K [0x00000007f5a00000, 0x00000007f9a00000, 0x0000000800000000)
}
Event: 15.939 GC heap before
{Heap before GC invocations=7 (full 0):
 par new generation   total 613440K, used 586458K [0x0000000775a00000, 0x000000079f390000, 0x000000079f390000)
  eden space 545344K, 100% used [0x0000000775a00000, 0x0000000796e90000, 0x0000000796e90000)
  from space 68096K,  60% used [0x000000079b110000, 0x000000079d936a68, 0x000000079f390000)
  to   space 68096K,   0% used [0x0000000796e90000, 0x0000000796e90000, 0x000000079b110000)
 concurrent mark-sweep generation total 1415616K, used 44956K [0x000000079f390000, 0x00000007f5a00000, 0x00000007f5a00000)
 concurrent-mark-sweep perm gen total 65536K, used 30288K [0x00000007f5a00000, 0x00000007f9a00000, 0x0000000800000000)
Event: 15.946 GC heap after
Heap after GC invocations=8 (full 0):
 par new generation   total 613440K, used 44108K [0x0000000775a00000, 0x000000079f390000, 0x000000079f390000)
  eden space 545344K,   0% used [0x0000000775a00000, 0x0000000775a00000, 0x0000000796e90000)
  from space 68096K,  64% used [0x0000000796e90000, 0x00000007999a3000, 0x000000079b110000)
  to   space 68096K,   0% used [0x000000079b110000, 0x000000079b110000, 0x000000079f390000)
 concurrent mark-sweep generation total 1415616K, used 44956K [0x000000079f390000, 0x00000007f5a00000, 0x00000007f5a00000)
 concurrent-mark-sweep perm gen total 65536K, used 30288K [0x00000007f5a00000, 0x00000007f9a00000, 0x0000000800000000)
}
Event: 16.862 GC heap before
{Heap before GC invocations=8 (full 0):
 par new generation   total 613440K, used 589452K [0x0000000775a00000, 0x000000079f390000, 0x000000079f390000)
  eden space 545344K, 100% used [0x0000000775a00000, 0x0000000796e90000, 0x0000000796e90000)
  from space 68096K,  64% used [0x0000000796e90000, 0x00000007999a3000, 0x000000079b110000)
  to   space 68096K,   0% used [0x000000079b110000, 0x000000079b110000, 0x000000079f390000)
 concurrent mark-sweep generation total 1415616K, used 44956K [0x000000079f390000, 0x00000007f5a00000, 0x00000007f5a00000)
 concurrent-mark-sweep perm gen total 65536K, used 30301K [0x00000007f5a00000, 0x00000007f9a00000, 0x0000000800000000)
Event: 16.870 GC heap after
Heap after GC invocations=9 (full 0):
 par new generation   total 613440K, used 41849K [0x0000000775a00000, 0x000000079f390000, 0x000000079f390000)
  eden space 545344K,   0% used [0x0000000775a00000, 0x0000000775a00000, 0x0000000796e90000)
  from space 68096K,  61% used [0x000000079b110000, 0x000000079d9ee6b0, 0x000000079f390000)
  to   space 68096K,   0% used [0x0000000796e90000, 0x0000000796e90000, 0x000000079b110000)
 concurrent mark-sweep generation total 1415616K, used 44956K [0x000000079f390000, 0x00000007f5a00000, 0x00000007f5a00000)
 concurrent-mark-sweep perm gen total 65536K, used 30301K [0x00000007f5a00000, 0x00000007f9a00000, 0x0000000800000000)
}
Event: 17.787 GC heap before
{Heap before GC invocations=9 (full 0):
 par new generation   total 613440K, used 587193K [0x0000000775a00000, 0x000000079f390000, 0x000000079f390000)
  eden space 545344K, 100% used [0x0000000775a00000, 0x0000000796e90000, 0x0000000796e90000)
  from space 68096K,  61% used [0x000000079b110000, 0x000000079d9ee6b0, 0x000000079f390000)
  to   space 68096K,   0% used [0x0000000796e90000, 0x0000000796e90000, 0x000000079b110000)
 concurrent mark-sweep generation total 1415616K, used 44956K [0x000000079f390000, 0x00000007f5a00000, 0x00000007f5a00000)
 concurrent-mark-sweep perm gen total 65536K, used 30316K [0x00000007f5a00000, 0x00000007f9a00000, 0x0000000800000000)
Event: 17.794 GC heap after
Heap after GC invocations=10 (full 0):
 par new generation   total 613440K, used 51882K [0x0000000775a00000, 0x000000079f390000, 0x000000079f390000)
  eden space 545344K,   0% used [0x0000000775a00000, 0x0000000775a00000, 0x0000000796e90000)
  from space 68096K,  76% used [0x0000000796e90000, 0x000000079a13a9f8, 0x000000079b110000)
  to   space 68096K,   0% used [0x000000079b110000, 0x000000079b110000, 0x000000079f390000)
 concurrent mark-sweep generation total 1415616K, used 44956K [0x000000079f390000, 0x00000007f5a00000, 0x00000007f5a00000)
 concurrent-mark-sweep perm gen total 65536K, used 30316K [0x00000007f5a00000, 0x00000007f9a00000, 0x0000000800000000)
}

