# JRE version: OpenJDK Runtime Environment (7.0_91-b02) (build 1.7.0_91-b02)
# Java VM: OpenJDK 64-Bit Server VM (24.91-b01 mixed mode linux-amd64 compressed oops)
Heap
 par new generation   total 613440K, used 545966K [0x0000000775a00000, 0x000000079f390000, 0x000000079f390000)
  eden space 545344K,  93% used [0x0000000775a00000, 0x0000000794c4f260, 0x0000000796e90000)
  from space 68096K,  52% used [0x000000079b110000, 0x000000079d3ec810, 0x000000079f390000)
  to   space 68096K,   0% used [0x0000000796e90000, 0x0000000796e90000, 0x000000079b110000)
 concurrent mark-sweep generation total 1415616K, used 27079K [0x000000079f390000, 0x00000007f5a00000, 0x00000007f5a00000)
 concurrent-mark-sweep perm gen total 65536K, used 30468K [0x00000007f5a00000, 0x00000007f9a00000, 0x0000000800000000)
GC Heap History (10 events):
Event: 7.276 GC heap before
{Heap before GC invocations=4 (full 0):
 par new generation   total 613440K, used 548135K [0x0000000775a00000, 0x000000079f390000, 0x000000079f390000)
  eden space 545344K,  99% used [0x0000000775a00000, 0x0000000796ad0fc8, 0x0000000796e90000)
  from space 68096K,   9% used [0x0000000796e90000, 0x0000000797508c98, 0x000000079b110000)
  to   space 68096K,   0% used [0x000000079b110000, 0x000000079b110000, 0x000000079f390000)
 concurrent mark-sweep generation total 1415616K, used 13846K [0x000000079f390000, 0x00000007f5a00000, 0x00000007f5a00000)
 concurrent-mark-sweep perm gen total 65536K, used 29397K [0x00000007f5a00000, 0x00000007f9a00000, 0x0000000800000000)
Event: 7.286 GC heap after
Heap after GC invocations=5 (full 0):
 par new generation   total 613440K, used 64562K [0x0000000775a00000, 0x000000079f390000, 0x000000079f390000)
  eden space 545344K,   0% used [0x0000000775a00000, 0x0000000775a00000, 0x0000000796e90000)
  from space 68096K,  94% used [0x000000079b110000, 0x000000079f01ca80, 0x000000079f390000)
  to   space 68096K,   0% used [0x0000000796e90000, 0x0000000796e90000, 0x000000079b110000)
 concurrent mark-sweep generation total 1415616K, used 13846K [0x000000079f390000, 0x00000007f5a00000, 0x00000007f5a00000)
 concurrent-mark-sweep perm gen total 65536K, used 29397K [0x00000007f5a00000, 0x00000007f9a00000, 0x0000000800000000)
}
Event: 7.406 GC heap before
{Heap before GC invocations=5 (full 0):
 par new generation   total 613440K, used 605149K [0x0000000775a00000, 0x000000079f390000, 0x000000079f390000)
  eden space 545344K,  99% used [0x0000000775a00000, 0x00000007969eab28, 0x0000000796e90000)
  from space 68096K,  94% used [0x000000079b110000, 0x000000079f01ca80, 0x000000079f390000)
  to   space 68096K,   0% used [0x0000000796e90000, 0x0000000796e90000, 0x000000079b110000)
 concurrent mark-sweep generation total 1415616K, used 13846K [0x000000079f390000, 0x00000007f5a00000, 0x00000007f5a00000)
 concurrent-mark-sweep perm gen total 65536K, used 29418K [0x00000007f5a00000, 0x00000007f9a00000, 0x0000000800000000)
Event: 7.420 GC heap after
Heap after GC invocations=6 (full 0):
 par new generation   total 613440K, used 68096K [0x0000000775a00000, 0x000000079f390000, 0x000000079f390000)
  eden space 545344K,   0% used [0x0000000775a00000, 0x0000000775a00000, 0x0000000796e90000)
  from space 68096K, 100% used [0x0000000796e90000, 0x000000079b110000, 0x000000079b110000)
  to   space 68096K,   0% used [0x000000079b110000, 0x000000079b110000, 0x000000079f390000)
 concurrent mark-sweep generation total 1415616K, used 24054K [0x000000079f390000, 0x00000007f5a00000, 0x00000007f5a00000)
 concurrent-mark-sweep perm gen total 65536K, used 29418K [0x00000007f5a00000, 0x00000007f9a00000, 0x0000000800000000)
}
Event: 7.549 GC heap before
{Heap before GC invocations=6 (full 0):
 par new generation   total 613440K, used 611034K [0x0000000775a00000, 0x000000079f390000, 0x000000079f390000)
  eden space 545344K,  99% used [0x0000000775a00000, 0x0000000796c36808, 0x0000000796e90000)
  from space 68096K, 100% used [0x0000000796e90000, 0x000000079b110000, 0x000000079b110000)
  to   space 68096K,   0% used [0x000000079b110000, 0x000000079b110000, 0x000000079f390000)
 concurrent mark-sweep generation total 1415616K, used 24054K [0x000000079f390000, 0x00000007f5a00000, 0x00000007f5a00000)
 concurrent-mark-sweep perm gen total 65536K, used 29491K [0x00000007f5a00000, 0x00000007f9a00000, 0x0000000800000000)
Event: 7.561 GC heap after
Heap after GC invocations=7 (full 0):
 par new generation   total 613440K, used 65625K [0x0000000775a00000, 0x000000079f390000, 0x000000079f390000)
  eden space 545344K,   0% used [0x0000000775a00000, 0x0000000775a00000, 0x0000000796e90000)
  from space 68096K,  96% used [0x000000079b110000, 0x000000079f126408, 0x000000079f390000)
  to   space 68096K,   0% used [0x0000000796e90000, 0x0000000796e90000, 0x000000079b110000)
 concurrent mark-sweep generation total 1415616K, used 25348K [0x000000079f390000, 0x00000007f5a00000, 0x00000007f5a00000)
 concurrent-mark-sweep perm gen total 65536K, used 29491K [0x00000007f5a00000, 0x00000007f9a00000, 0x0000000800000000)
}
Event: 7.648 GC heap before
{Heap before GC invocations=7 (full 0):
 par new generation   total 613440K, used 602928K [0x0000000775a00000, 0x000000079f390000, 0x000000079f390000)
  eden space 545344K,  98% used [0x0000000775a00000, 0x00000007966b5e70, 0x0000000796e90000)
  from space 68096K,  96% used [0x000000079b110000, 0x000000079f126408, 0x000000079f390000)
  to   space 68096K,   0% used [0x0000000796e90000, 0x0000000796e90000, 0x000000079b110000)
 concurrent mark-sweep generation total 1415616K, used 25348K [0x000000079f390000, 0x00000007f5a00000, 0x00000007f5a00000)
 concurrent-mark-sweep perm gen total 65536K, used 29498K [0x00000007f5a00000, 0x00000007f9a00000, 0x0000000800000000)
Event: 7.652 GC heap after
Heap after GC invocations=8 (full 0):
 par new generation   total 613440K, used 7001K [0x0000000775a00000, 0x000000079f390000, 0x000000079f390000)
  eden space 545344K,   0% used [0x0000000775a00000, 0x0000000775a00000, 0x0000000796e90000)
  from space 68096K,  10% used [0x0000000796e90000, 0x0000000797566510, 0x000000079b110000)
  to   space 68096K,   0% used [0x000000079b110000, 0x000000079b110000, 0x000000079f390000)
 concurrent mark-sweep generation total 1415616K, used 27079K [0x000000079f390000, 0x00000007f5a00000, 0x00000007f5a00000)
 concurrent-mark-sweep perm gen total 65536K, used 29498K [0x00000007f5a00000, 0x00000007f9a00000, 0x0000000800000000)
}
Event: 7.738 GC heap before
{Heap before GC invocations=8 (full 0):
 par new generation   total 613440K, used 548347K [0x0000000775a00000, 0x000000079f390000, 0x000000079f390000)
  eden space 545344K,  99% used [0x0000000775a00000, 0x0000000796aa87f8, 0x0000000796e90000)
  from space 68096K,  10% used [0x0000000796e90000, 0x0000000797566510, 0x000000079b110000)
  to   space 68096K,   0% used [0x000000079b110000, 0x000000079b110000, 0x000000079f390000)
 concurrent mark-sweep generation total 1415616K, used 27079K [0x000000079f390000, 0x00000007f5a00000, 0x00000007f5a00000)
 concurrent-mark-sweep perm gen total 65536K, used 29512K [0x00000007f5a00000, 0x00000007f9a00000, 0x0000000800000000)
Event: 7.745 GC heap after
Heap after GC invocations=9 (full 0):
 par new generation   total 613440K, used 35698K [0x0000000775a00000, 0x000000079f390000, 0x000000079f390000)
  eden space 545344K,   0% used [0x0000000775a00000, 0x0000000775a00000, 0x0000000796e90000)
  from space 68096K,  52% used [0x000000079b110000, 0x000000079d3ec810, 0x000000079f390000)
  to   space 68096K,   0% used [0x0000000796e90000, 0x0000000796e90000, 0x000000079b110000)
 concurrent mark-sweep generation total 1415616K, used 27079K [0x000000079f390000, 0x00000007f5a00000, 0x00000007f5a00000)
 concurrent-mark-sweep perm gen total 65536K, used 29512K [0x00000007f5a00000, 0x00000007f9a00000, 0x0000000800000000)
}

