# JRE version: OpenJDK Runtime Environment (7.0_91-b02) (build 1.7.0_91-b02)
# Java VM: OpenJDK 64-Bit Server VM (24.91-b01 mixed mode linux-amd64 compressed oops)
Heap
 par new generation   total 613440K, used 578655K [0x0000000775a00000, 0x000000079f390000, 0x000000079f390000)
  eden space 545344K,  94% used [0x0000000775a00000, 0x0000000795004c10, 0x0000000796e90000)
  from space 68096K,  94% used [0x000000079b110000, 0x000000079f023140, 0x000000079f390000)
  to   space 68096K,   0% used [0x0000000796e90000, 0x0000000796e90000, 0x000000079b110000)
 concurrent mark-sweep generation total 1415616K, used 33772K [0x000000079f390000, 0x00000007f5a00000, 0x00000007f5a00000)
 concurrent-mark-sweep perm gen total 65536K, used 30481K [0x00000007f5a00000, 0x00000007f9a00000, 0x0000000800000000)
GC Heap History (10 events):
Event: 6.765 GC heap before
{Heap before GC invocations=4 (full 0):
 par new generation   total 613440K, used 545209K [0x0000000775a00000, 0x000000079f390000, 0x000000079f390000)
  eden space 545344K,  98% used [0x0000000775a00000, 0x00000007966992f0, 0x0000000796e90000)
  from space 68096K,  11% used [0x0000000796e90000, 0x00000007976653c0, 0x000000079b110000)
  to   space 68096K,   0% used [0x000000079b110000, 0x000000079b110000, 0x000000079f390000)
 concurrent mark-sweep generation total 1415616K, used 20271K [0x000000079f390000, 0x00000007f5a00000, 0x00000007f5a00000)
 concurrent-mark-sweep perm gen total 65536K, used 29415K [0x00000007f5a00000, 0x00000007f9a00000, 0x0000000800000000)
Event: 6.773 GC heap after
Heap after GC invocations=5 (full 0):
 par new generation   total 613440K, used 49367K [0x0000000775a00000, 0x000000079f390000, 0x000000079f390000)
  eden space 545344K,   0% used [0x0000000775a00000, 0x0000000775a00000, 0x0000000796e90000)
  from space 68096K,  72% used [0x000000079b110000, 0x000000079e145f38, 0x000000079f390000)
  to   space 68096K,   0% used [0x0000000796e90000, 0x0000000796e90000, 0x000000079b110000)
 concurrent mark-sweep generation total 1415616K, used 20271K [0x000000079f390000, 0x00000007f5a00000, 0x00000007f5a00000)
 concurrent-mark-sweep perm gen total 65536K, used 29415K [0x00000007f5a00000, 0x00000007f9a00000, 0x0000000800000000)
}
Event: 6.898 GC heap before
{Heap before GC invocations=5 (full 0):
 par new generation   total 613440K, used 594609K [0x0000000775a00000, 0x000000079f390000, 0x000000079f390000)
  eden space 545344K,  99% used [0x0000000775a00000, 0x0000000796e76890, 0x0000000796e90000)
  from space 68096K,  72% used [0x000000079b110000, 0x000000079e145f38, 0x000000079f390000)
  to   space 68096K,   0% used [0x0000000796e90000, 0x0000000796e90000, 0x000000079b110000)
 concurrent mark-sweep generation total 1415616K, used 20271K [0x000000079f390000, 0x00000007f5a00000, 0x00000007f5a00000)
 concurrent-mark-sweep perm gen total 65536K, used 29438K [0x00000007f5a00000, 0x00000007f9a00000, 0x0000000800000000)
Event: 6.910 GC heap after
Heap after GC invocations=6 (full 0):
 par new generation   total 613440K, used 65739K [0x0000000775a00000, 0x000000079f390000, 0x000000079f390000)
  eden space 545344K,   0% used [0x0000000775a00000, 0x0000000775a00000, 0x0000000796e90000)
  from space 68096K,  96% used [0x0000000796e90000, 0x000000079aec2eb0, 0x000000079b110000)
  to   space 68096K,   0% used [0x000000079b110000, 0x000000079b110000, 0x000000079f390000)
 concurrent mark-sweep generation total 1415616K, used 22632K [0x000000079f390000, 0x00000007f5a00000, 0x00000007f5a00000)
 concurrent-mark-sweep perm gen total 65536K, used 29438K [0x00000007f5a00000, 0x00000007f9a00000, 0x0000000800000000)
}
Event: 7.035 GC heap before
{Heap before GC invocations=6 (full 0):
 par new generation   total 613440K, used 610364K [0x0000000775a00000, 0x000000079f390000, 0x000000079f390000)
  eden space 545344K,  99% used [0x0000000775a00000, 0x0000000796ddc3c8, 0x0000000796e90000)
  from space 68096K,  96% used [0x0000000796e90000, 0x000000079aec2eb0, 0x000000079b110000)
  to   space 68096K,   0% used [0x000000079b110000, 0x000000079b110000, 0x000000079f390000)
 concurrent mark-sweep generation total 1415616K, used 22632K [0x000000079f390000, 0x00000007f5a00000, 0x00000007f5a00000)
 concurrent-mark-sweep perm gen total 65536K, used 29455K [0x00000007f5a00000, 0x00000007f9a00000, 0x0000000800000000)
Event: 7.046 GC heap after
Heap after GC invocations=7 (full 0):
 par new generation   total 613440K, used 60658K [0x0000000775a00000, 0x000000079f390000, 0x000000079f390000)
  eden space 545344K,   0% used [0x0000000775a00000, 0x0000000775a00000, 0x0000000796e90000)
  from space 68096K,  89% used [0x000000079b110000, 0x000000079ec4c870, 0x000000079f390000)
  to   space 68096K,   0% used [0x0000000796e90000, 0x0000000796e90000, 0x000000079b110000)
 concurrent mark-sweep generation total 1415616K, used 24112K [0x000000079f390000, 0x00000007f5a00000, 0x00000007f5a00000)
 concurrent-mark-sweep perm gen total 65536K, used 29455K [0x00000007f5a00000, 0x00000007f9a00000, 0x0000000800000000)
}
Event: 7.130 GC heap before
{Heap before GC invocations=7 (full 0):
 par new generation   total 613440K, used 602292K [0x0000000775a00000, 0x000000079f390000, 0x000000079f390000)
  eden space 545344K,  99% used [0x0000000775a00000, 0x0000000796af08c8, 0x0000000796e90000)
  from space 68096K,  89% used [0x000000079b110000, 0x000000079ec4c870, 0x000000079f390000)
  to   space 68096K,   0% used [0x0000000796e90000, 0x0000000796e90000, 0x000000079b110000)
 concurrent mark-sweep generation total 1415616K, used 24112K [0x000000079f390000, 0x00000007f5a00000, 0x00000007f5a00000)
 concurrent-mark-sweep perm gen total 65536K, used 29462K [0x00000007f5a00000, 0x00000007f9a00000, 0x0000000800000000)
Event: 7.134 GC heap after
Heap after GC invocations=8 (full 0):
 par new generation   total 613440K, used 6627K [0x0000000775a00000, 0x000000079f390000, 0x000000079f390000)
  eden space 545344K,   0% used [0x0000000775a00000, 0x0000000775a00000, 0x0000000796e90000)
  from space 68096K,   9% used [0x0000000796e90000, 0x0000000797508cd0, 0x000000079b110000)
  to   space 68096K,   0% used [0x000000079b110000, 0x000000079b110000, 0x000000079f390000)
 concurrent mark-sweep generation total 1415616K, used 25580K [0x000000079f390000, 0x00000007f5a00000, 0x00000007f5a00000)
 concurrent-mark-sweep perm gen total 65536K, used 29462K [0x00000007f5a00000, 0x00000007f9a00000, 0x0000000800000000)
}
Event: 7.220 GC heap before
{Heap before GC invocations=8 (full 0):
 par new generation   total 613440K, used 547976K [0x0000000775a00000, 0x000000079f390000, 0x000000079f390000)
  eden space 545344K,  99% used [0x0000000775a00000, 0x0000000796aa94b0, 0x0000000796e90000)
  from space 68096K,   9% used [0x0000000796e90000, 0x0000000797508cd0, 0x000000079b110000)
  to   space 68096K,   0% used [0x000000079b110000, 0x000000079b110000, 0x000000079f390000)
 concurrent mark-sweep generation total 1415616K, used 25580K [0x000000079f390000, 0x00000007f5a00000, 0x00000007f5a00000)
 concurrent-mark-sweep perm gen total 65536K, used 29476K [0x00000007f5a00000, 0x00000007f9a00000, 0x0000000800000000)
Event: 7.232 GC heap after
Heap after GC invocations=9 (full 0):
 par new generation   total 613440K, used 64588K [0x0000000775a00000, 0x000000079f390000, 0x000000079f390000)
  eden space 545344K,   0% used [0x0000000775a00000, 0x0000000775a00000, 0x0000000796e90000)
  from space 68096K,  94% used [0x000000079b110000, 0x000000079f023140, 0x000000079f390000)
  to   space 68096K,   0% used [0x0000000796e90000, 0x0000000796e90000, 0x000000079b110000)
 concurrent mark-sweep generation total 1415616K, used 33772K [0x000000079f390000, 0x00000007f5a00000, 0x00000007f5a00000)
 concurrent-mark-sweep perm gen total 65536K, used 29476K [0x00000007f5a00000, 0x00000007f9a00000, 0x0000000800000000)
}

