# JRE version: OpenJDK Runtime Environment (7.0_91-b02) (build 1.7.0_91-b02)
# Java VM: OpenJDK 64-Bit Server VM (24.91-b01 mixed mode linux-amd64 compressed oops)
Heap
 par new generation   total 613440K, used 545360K [0x0000000775a00000, 0x000000079f390000, 0x000000079f390000)
  eden space 545344K,  94% used [0x0000000775a00000, 0x0000000794f66870, 0x0000000796e90000)
  from space 68096K,  46% used [0x000000079b110000, 0x000000079d03da58, 0x000000079f390000)
  to   space 68096K,   0% used [0x0000000796e90000, 0x0000000796e90000, 0x000000079b110000)
 concurrent mark-sweep generation total 1415616K, used 24845K [0x000000079f390000, 0x00000007f5a00000, 0x00000007f5a00000)
 concurrent-mark-sweep perm gen total 65536K, used 30458K [0x00000007f5a00000, 0x00000007f9a00000, 0x0000000800000000)
GC Heap History (10 events):
Event: 6.794 GC heap before
{Heap before GC invocations=4 (full 0):
 par new generation   total 613440K, used 547197K [0x0000000775a00000, 0x000000079f390000, 0x000000079f390000)
  eden space 545344K,  98% used [0x0000000775a00000, 0x0000000796917d78, 0x0000000796e90000)
  from space 68096K,  10% used [0x0000000796e90000, 0x00000007975d76f0, 0x000000079b110000)
  to   space 68096K,   0% used [0x000000079b110000, 0x000000079b110000, 0x000000079f390000)
 concurrent mark-sweep generation total 1415616K, used 11401K [0x000000079f390000, 0x00000007f5a00000, 0x00000007f5a00000)
 concurrent-mark-sweep perm gen total 65536K, used 29394K [0x00000007f5a00000, 0x00000007f9a00000, 0x0000000800000000)
Event: 6.805 GC heap after
Heap after GC invocations=5 (full 0):
 par new generation   total 613440K, used 61940K [0x0000000775a00000, 0x000000079f390000, 0x000000079f390000)
  eden space 545344K,   0% used [0x0000000775a00000, 0x0000000775a00000, 0x0000000796e90000)
  from space 68096K,  90% used [0x000000079b110000, 0x000000079ed8d000, 0x000000079f390000)
  to   space 68096K,   0% used [0x0000000796e90000, 0x0000000796e90000, 0x000000079b110000)
 concurrent mark-sweep generation total 1415616K, used 11401K [0x000000079f390000, 0x00000007f5a00000, 0x00000007f5a00000)
 concurrent-mark-sweep perm gen total 65536K, used 29394K [0x00000007f5a00000, 0x00000007f9a00000, 0x0000000800000000)
}
Event: 6.932 GC heap before
{Heap before GC invocations=5 (full 0):
 par new generation   total 613440K, used 604152K [0x0000000775a00000, 0x000000079f390000, 0x000000079f390000)
  eden space 545344K,  99% used [0x0000000775a00000, 0x0000000796b811e8, 0x0000000796e90000)
  from space 68096K,  90% used [0x000000079b110000, 0x000000079ed8d000, 0x000000079f390000)
  to   space 68096K,   0% used [0x0000000796e90000, 0x0000000796e90000, 0x000000079b110000)
 concurrent mark-sweep generation total 1415616K, used 11401K [0x000000079f390000, 0x00000007f5a00000, 0x00000007f5a00000)
 concurrent-mark-sweep perm gen total 65536K, used 29415K [0x00000007f5a00000, 0x00000007f9a00000, 0x0000000800000000)
Event: 6.948 GC heap after
Heap after GC invocations=6 (full 0):
 par new generation   total 613440K, used 66444K [0x0000000775a00000, 0x000000079f390000, 0x000000079f390000)
  eden space 545344K,   0% used [0x0000000775a00000, 0x0000000775a00000, 0x0000000796e90000)
  from space 68096K,  97% used [0x0000000796e90000, 0x000000079af73098, 0x000000079b110000)
  to   space 68096K,   0% used [0x000000079b110000, 0x000000079b110000, 0x000000079f390000)
 concurrent mark-sweep generation total 1415616K, used 21901K [0x000000079f390000, 0x00000007f5a00000, 0x00000007f5a00000)
 concurrent-mark-sweep perm gen total 65536K, used 29415K [0x00000007f5a00000, 0x00000007f9a00000, 0x0000000800000000)
}
Event: 7.072 GC heap before
{Heap before GC invocations=6 (full 0):
 par new generation   total 613440K, used 611654K [0x0000000775a00000, 0x000000079f390000, 0x000000079f390000)
  eden space 545344K,  99% used [0x0000000775a00000, 0x0000000796e6e870, 0x0000000796e90000)
  from space 68096K,  97% used [0x0000000796e90000, 0x000000079af73098, 0x000000079b110000)
  to   space 68096K,   0% used [0x000000079b110000, 0x000000079b110000, 0x000000079f390000)
 concurrent mark-sweep generation total 1415616K, used 21901K [0x000000079f390000, 0x00000007f5a00000, 0x00000007f5a00000)
 concurrent-mark-sweep perm gen total 65536K, used 29433K [0x00000007f5a00000, 0x00000007f9a00000, 0x0000000800000000)
Event: 7.083 GC heap after
Heap after GC invocations=7 (full 0):
 par new generation   total 613440K, used 56336K [0x0000000775a00000, 0x000000079f390000, 0x000000079f390000)
  eden space 545344K,   0% used [0x0000000775a00000, 0x0000000775a00000, 0x0000000796e90000)
  from space 68096K,  82% used [0x000000079b110000, 0x000000079e814158, 0x000000079f390000)
  to   space 68096K,   0% used [0x0000000796e90000, 0x0000000796e90000, 0x000000079b110000)
 concurrent mark-sweep generation total 1415616K, used 23378K [0x000000079f390000, 0x00000007f5a00000, 0x00000007f5a00000)
 concurrent-mark-sweep perm gen total 65536K, used 29433K [0x00000007f5a00000, 0x00000007f9a00000, 0x0000000800000000)
}
Event: 7.170 GC heap before
{Heap before GC invocations=7 (full 0):
 par new generation   total 613440K, used 598683K [0x0000000775a00000, 0x000000079f390000, 0x000000079f390000)
  eden space 545344K,  99% used [0x0000000775a00000, 0x0000000796ba2ae0, 0x0000000796e90000)
  from space 68096K,  82% used [0x000000079b110000, 0x000000079e814158, 0x000000079f390000)
  to   space 68096K,   0% used [0x0000000796e90000, 0x0000000796e90000, 0x000000079b110000)
 concurrent mark-sweep generation total 1415616K, used 23378K [0x000000079f390000, 0x00000007f5a00000, 0x00000007f5a00000)
 concurrent-mark-sweep perm gen total 65536K, used 29442K [0x00000007f5a00000, 0x00000007f9a00000, 0x0000000800000000)
Event: 7.174 GC heap after
Heap after GC invocations=8 (full 0):
 par new generation   total 613440K, used 2602K [0x0000000775a00000, 0x000000079f390000, 0x000000079f390000)
  eden space 545344K,   0% used [0x0000000775a00000, 0x0000000775a00000, 0x0000000796e90000)
  from space 68096K,   3% used [0x0000000796e90000, 0x000000079711a8c0, 0x000000079b110000)
  to   space 68096K,   0% used [0x000000079b110000, 0x000000079b110000, 0x000000079f390000)
 concurrent mark-sweep generation total 1415616K, used 24845K [0x000000079f390000, 0x00000007f5a00000, 0x00000007f5a00000)
 concurrent-mark-sweep perm gen total 65536K, used 29442K [0x00000007f5a00000, 0x00000007f9a00000, 0x0000000800000000)
}
Event: 7.260 GC heap before
{Heap before GC invocations=8 (full 0):
 par new generation   total 613440K, used 544207K [0x0000000775a00000, 0x000000079f390000, 0x000000079f390000)
  eden space 545344K,  99% used [0x0000000775a00000, 0x0000000796ae96b8, 0x0000000796e90000)
  from space 68096K,   3% used [0x0000000796e90000, 0x000000079711a8c0, 0x000000079b110000)
  to   space 68096K,   0% used [0x000000079b110000, 0x000000079b110000, 0x000000079f390000)
 concurrent mark-sweep generation total 1415616K, used 24845K [0x000000079f390000, 0x00000007f5a00000, 0x00000007f5a00000)
 concurrent-mark-sweep perm gen total 65536K, used 29456K [0x00000007f5a00000, 0x00000007f9a00000, 0x0000000800000000)
Event: 7.266 GC heap after
Heap after GC invocations=9 (full 0):
 par new generation   total 613440K, used 31926K [0x0000000775a00000, 0x000000079f390000, 0x000000079f390000)
  eden space 545344K,   0% used [0x0000000775a00000, 0x0000000775a00000, 0x0000000796e90000)
  from space 68096K,  46% used [0x000000079b110000, 0x000000079d03da58, 0x000000079f390000)
  to   space 68096K,   0% used [0x0000000796e90000, 0x0000000796e90000, 0x000000079b110000)
 concurrent mark-sweep generation total 1415616K, used 24845K [0x000000079f390000, 0x00000007f5a00000, 0x00000007f5a00000)
 concurrent-mark-sweep perm gen total 65536K, used 29456K [0x00000007f5a00000, 0x00000007f9a00000, 0x0000000800000000)
}

