# JRE version: OpenJDK Runtime Environment (7.0_91-b02) (build 1.7.0_91-b02)
# Java VM: OpenJDK 64-Bit Server VM (24.91-b01 mixed mode linux-amd64 compressed oops)
Heap
 par new generation   total 613440K, used 428309K [0x0000000775a00000, 0x000000079f390000, 0x000000079f390000)
  eden space 545344K,  69% used [0x0000000775a00000, 0x000000078cd20028, 0x0000000796e90000)
  from space 68096K,  70% used [0x0000000796e90000, 0x0000000799db5680, 0x000000079b110000)
  to   space 68096K,   0% used [0x000000079b110000, 0x000000079b110000, 0x000000079f390000)
 concurrent mark-sweep generation total 1415616K, used 22083K [0x000000079f390000, 0x00000007f5a00000, 0x00000007f5a00000)
 concurrent-mark-sweep perm gen total 65536K, used 30530K [0x00000007f5a00000, 0x00000007f9a00000, 0x0000000800000000)
GC Heap History (10 events):
Event: 14.654 GC heap before
{Heap before GC invocations=5 (full 0):
 par new generation   total 613440K, used 595299K [0x0000000775a00000, 0x000000079f390000, 0x000000079f390000)
  eden space 545344K, 100% used [0x0000000775a00000, 0x0000000796e90000, 0x0000000796e90000)
  from space 68096K,  73% used [0x000000079b110000, 0x000000079e1d8d20, 0x000000079f390000)
  to   space 68096K,   0% used [0x0000000796e90000, 0x0000000796e90000, 0x000000079b110000)
 concurrent mark-sweep generation total 1415616K, used 19766K [0x000000079f390000, 0x00000007f5a00000, 0x00000007f5a00000)
 concurrent-mark-sweep perm gen total 65536K, used 30212K [0x00000007f5a00000, 0x00000007f9a00000, 0x0000000800000000)
Event: 14.664 GC heap after
Heap after GC invocations=6 (full 0):
 par new generation   total 613440K, used 28340K [0x0000000775a00000, 0x000000079f390000, 0x000000079f390000)
  eden space 545344K,   0% used [0x0000000775a00000, 0x0000000775a00000, 0x0000000796e90000)
  from space 68096K,  41% used [0x0000000796e90000, 0x0000000798a3d280, 0x000000079b110000)
  to   space 68096K,   0% used [0x000000079b110000, 0x000000079b110000, 0x000000079f390000)
 concurrent mark-sweep generation total 1415616K, used 22083K [0x000000079f390000, 0x00000007f5a00000, 0x00000007f5a00000)
 concurrent-mark-sweep perm gen total 65536K, used 30212K [0x00000007f5a00000, 0x00000007f9a00000, 0x0000000800000000)
}
Event: 15.624 GC heap before
{Heap before GC invocations=6 (full 0):
 par new generation   total 613440K, used 573684K [0x0000000775a00000, 0x000000079f390000, 0x000000079f390000)
  eden space 545344K, 100% used [0x0000000775a00000, 0x0000000796e90000, 0x0000000796e90000)
  from space 68096K,  41% used [0x0000000796e90000, 0x0000000798a3d280, 0x000000079b110000)
  to   space 68096K,   0% used [0x000000079b110000, 0x000000079b110000, 0x000000079f390000)
 concurrent mark-sweep generation total 1415616K, used 22083K [0x000000079f390000, 0x00000007f5a00000, 0x00000007f5a00000)
 concurrent-mark-sweep perm gen total 65536K, used 30243K [0x00000007f5a00000, 0x00000007f9a00000, 0x0000000800000000)
Event: 15.631 GC heap after
Heap after GC invocations=7 (full 0):
 par new generation   total 613440K, used 36535K [0x0000000775a00000, 0x000000079f390000, 0x000000079f390000)
  eden space 545344K,   0% used [0x0000000775a00000, 0x0000000775a00000, 0x0000000796e90000)
  from space 68096K,  53% used [0x000000079b110000, 0x000000079d4bdfe8, 0x000000079f390000)
  to   space 68096K,   0% used [0x0000000796e90000, 0x0000000796e90000, 0x000000079b110000)
 concurrent mark-sweep generation total 1415616K, used 22083K [0x000000079f390000, 0x00000007f5a00000, 0x00000007f5a00000)
 concurrent-mark-sweep perm gen total 65536K, used 30243K [0x00000007f5a00000, 0x00000007f9a00000, 0x0000000800000000)
}
Event: 16.576 GC heap before
{Heap before GC invocations=7 (full 0):
 par new generation   total 613440K, used 581879K [0x0000000775a00000, 0x000000079f390000, 0x000000079f390000)
  eden space 545344K, 100% used [0x0000000775a00000, 0x0000000796e90000, 0x0000000796e90000)
  from space 68096K,  53% used [0x000000079b110000, 0x000000079d4bdfe8, 0x000000079f390000)
  to   space 68096K,   0% used [0x0000000796e90000, 0x0000000796e90000, 0x000000079b110000)
 concurrent mark-sweep generation total 1415616K, used 22083K [0x000000079f390000, 0x00000007f5a00000, 0x00000007f5a00000)
 concurrent-mark-sweep perm gen total 65536K, used 30269K [0x00000007f5a00000, 0x00000007f9a00000, 0x0000000800000000)
Event: 16.582 GC heap after
Heap after GC invocations=8 (full 0):
 par new generation   total 613440K, used 37591K [0x0000000775a00000, 0x000000079f390000, 0x000000079f390000)
  eden space 545344K,   0% used [0x0000000775a00000, 0x0000000775a00000, 0x0000000796e90000)
  from space 68096K,  55% used [0x0000000796e90000, 0x0000000799345f78, 0x000000079b110000)
  to   space 68096K,   0% used [0x000000079b110000, 0x000000079b110000, 0x000000079f390000)
 concurrent mark-sweep generation total 1415616K, used 22083K [0x000000079f390000, 0x00000007f5a00000, 0x00000007f5a00000)
 concurrent-mark-sweep perm gen total 65536K, used 30269K [0x00000007f5a00000, 0x00000007f9a00000, 0x0000000800000000)
}
Event: 17.303 GC heap before
{Heap before GC invocations=8 (full 0):
 par new generation   total 613440K, used 582935K [0x0000000775a00000, 0x000000079f390000, 0x000000079f390000)
  eden space 545344K, 100% used [0x0000000775a00000, 0x0000000796e90000, 0x0000000796e90000)
  from space 68096K,  55% used [0x0000000796e90000, 0x0000000799345f78, 0x000000079b110000)
  to   space 68096K,   0% used [0x000000079b110000, 0x000000079b110000, 0x000000079f390000)
 concurrent mark-sweep generation total 1415616K, used 22083K [0x000000079f390000, 0x00000007f5a00000, 0x00000007f5a00000)
 concurrent-mark-sweep perm gen total 65536K, used 30286K [0x00000007f5a00000, 0x00000007f9a00000, 0x0000000800000000)
Event: 17.310 GC heap after
Heap after GC invocations=9 (full 0):
 par new generation   total 613440K, used 41652K [0x0000000775a00000, 0x000000079f390000, 0x000000079f390000)
  eden space 545344K,   0% used [0x0000000775a00000, 0x0000000775a00000, 0x0000000796e90000)
  from space 68096K,  61% used [0x000000079b110000, 0x000000079d9bd120, 0x000000079f390000)
  to   space 68096K,   0% used [0x0000000796e90000, 0x0000000796e90000, 0x000000079b110000)
 concurrent mark-sweep generation total 1415616K, used 22083K [0x000000079f390000, 0x00000007f5a00000, 0x00000007f5a00000)
 concurrent-mark-sweep perm gen total 65536K, used 30286K [0x00000007f5a00000, 0x00000007f9a00000, 0x0000000800000000)
}
Event: 18.209 GC heap before
{Heap before GC invocations=9 (full 0):
 par new generation   total 613440K, used 586996K [0x0000000775a00000, 0x000000079f390000, 0x000000079f390000)
  eden space 545344K, 100% used [0x0000000775a00000, 0x0000000796e90000, 0x0000000796e90000)
  from space 68096K,  61% used [0x000000079b110000, 0x000000079d9bd120, 0x000000079f390000)
  to   space 68096K,   0% used [0x0000000796e90000, 0x0000000796e90000, 0x000000079b110000)
 concurrent mark-sweep generation total 1415616K, used 22083K [0x000000079f390000, 0x00000007f5a00000, 0x00000007f5a00000)
 concurrent-mark-sweep perm gen total 65536K, used 30292K [0x00000007f5a00000, 0x00000007f9a00000, 0x0000000800000000)
Event: 18.217 GC heap after
Heap after GC invocations=10 (full 0):
 par new generation   total 613440K, used 48277K [0x0000000775a00000, 0x000000079f390000, 0x000000079f390000)
  eden space 545344K,   0% used [0x0000000775a00000, 0x0000000775a00000, 0x0000000796e90000)
  from space 68096K,  70% used [0x0000000796e90000, 0x0000000799db5680, 0x000000079b110000)
  to   space 68096K,   0% used [0x000000079b110000, 0x000000079b110000, 0x000000079f390000)
 concurrent mark-sweep generation total 1415616K, used 22083K [0x000000079f390000, 0x00000007f5a00000, 0x00000007f5a00000)
 concurrent-mark-sweep perm gen total 65536K, used 30292K [0x00000007f5a00000, 0x00000007f9a00000, 0x0000000800000000)
}

