# JRE version: OpenJDK Runtime Environment (7.0_91-b02) (build 1.7.0_91-b02)
# Java VM: OpenJDK 64-Bit Server VM (24.91-b01 mixed mode linux-amd64 compressed oops)
Heap
 par new generation   total 613440K, used 487828K [0x0000000775a00000, 0x000000079f390000, 0x000000079f390000)
  eden space 545344K,  83% used [0x0000000775a00000, 0x0000000791738c18, 0x0000000796e90000)
  from space 68096K,  46% used [0x000000079b110000, 0x000000079d03c470, 0x000000079f390000)
  to   space 68096K,   0% used [0x0000000796e90000, 0x0000000796e90000, 0x000000079b110000)
 concurrent mark-sweep generation total 1415616K, used 51086K [0x000000079f390000, 0x00000007f5a00000, 0x00000007f5a00000)
 concurrent-mark-sweep perm gen total 65536K, used 30480K [0x00000007f5a00000, 0x00000007f9a00000, 0x0000000800000000)
GC Heap History (10 events):
Event: 6.051 GC heap before
{Heap before GC invocations=4 (full 0):
 par new generation   total 613440K, used 552179K [0x0000000775a00000, 0x000000079f390000, 0x000000079f390000)
  eden space 545344K,  99% used [0x0000000775a00000, 0x0000000796d17898, 0x0000000796e90000)
  from space 68096K,  12% used [0x0000000796e90000, 0x00000007976b5750, 0x000000079b110000)
  to   space 68096K,   0% used [0x000000079b110000, 0x000000079b110000, 0x000000079f390000)
 concurrent mark-sweep generation total 1415616K, used 12852K [0x000000079f390000, 0x00000007f5a00000, 0x00000007f5a00000)
 concurrent-mark-sweep perm gen total 65536K, used 29423K [0x00000007f5a00000, 0x00000007f9a00000, 0x0000000800000000)
Event: 6.064 GC heap after
Heap after GC invocations=5 (full 0):
 par new generation   total 613440K, used 68096K [0x0000000775a00000, 0x000000079f390000, 0x000000079f390000)
  eden space 545344K,   0% used [0x0000000775a00000, 0x0000000775a00000, 0x0000000796e90000)
  from space 68096K, 100% used [0x000000079b110000, 0x000000079f390000, 0x000000079f390000)
  to   space 68096K,   0% used [0x0000000796e90000, 0x0000000796e90000, 0x000000079b110000)
 concurrent mark-sweep generation total 1415616K, used 22082K [0x000000079f390000, 0x00000007f5a00000, 0x00000007f5a00000)
 concurrent-mark-sweep perm gen total 65536K, used 29423K [0x00000007f5a00000, 0x00000007f9a00000, 0x0000000800000000)
}
Event: 6.186 GC heap before
{Heap before GC invocations=5 (full 0):
 par new generation   total 613440K, used 609773K [0x0000000775a00000, 0x000000079f390000, 0x000000079f390000)
  eden space 545344K,  99% used [0x0000000775a00000, 0x0000000796afb578, 0x0000000796e90000)
  from space 68096K, 100% used [0x000000079b110000, 0x000000079f390000, 0x000000079f390000)
  to   space 68096K,   0% used [0x0000000796e90000, 0x0000000796e90000, 0x000000079b110000)
 concurrent mark-sweep generation total 1415616K, used 22082K [0x000000079f390000, 0x00000007f5a00000, 0x00000007f5a00000)
 concurrent-mark-sweep perm gen total 65536K, used 29444K [0x00000007f5a00000, 0x00000007f9a00000, 0x0000000800000000)
Event: 6.201 GC heap after
Heap after GC invocations=6 (full 0):
 par new generation   total 613440K, used 64661K [0x0000000775a00000, 0x000000079f390000, 0x000000079f390000)
  eden space 545344K,   0% used [0x0000000775a00000, 0x0000000775a00000, 0x0000000796e90000)
  from space 68096K,  94% used [0x0000000796e90000, 0x000000079adb5428, 0x000000079b110000)
  to   space 68096K,   0% used [0x000000079b110000, 0x000000079b110000, 0x000000079f390000)
 concurrent mark-sweep generation total 1415616K, used 48144K [0x000000079f390000, 0x00000007f5a00000, 0x00000007f5a00000)
 concurrent-mark-sweep perm gen total 65536K, used 29444K [0x00000007f5a00000, 0x00000007f9a00000, 0x0000000800000000)
}
Event: 6.320 GC heap before
{Heap before GC invocations=6 (full 0):
 par new generation   total 613440K, used 601934K [0x0000000775a00000, 0x000000079f390000, 0x000000079f390000)
  eden space 545344K,  98% used [0x0000000775a00000, 0x00000007966ae6d0, 0x0000000796e90000)
  from space 68096K,  94% used [0x0000000796e90000, 0x000000079adb5428, 0x000000079b110000)
  to   space 68096K,   0% used [0x000000079b110000, 0x000000079b110000, 0x000000079f390000)
 concurrent mark-sweep generation total 1415616K, used 48144K [0x000000079f390000, 0x00000007f5a00000, 0x00000007f5a00000)
 concurrent-mark-sweep perm gen total 65536K, used 29463K [0x00000007f5a00000, 0x00000007f9a00000, 0x0000000800000000)
Event: 6.333 GC heap after
Heap after GC invocations=7 (full 0):
 par new generation   total 613440K, used 65221K [0x0000000775a00000, 0x000000079f390000, 0x000000079f390000)
  eden space 545344K,   0% used [0x0000000775a00000, 0x0000000775a00000, 0x0000000796e90000)
  from space 68096K,  95% used [0x000000079b110000, 0x000000079f0c1678, 0x000000079f390000)
  to   space 68096K,   0% used [0x0000000796e90000, 0x0000000796e90000, 0x000000079b110000)
 concurrent mark-sweep generation total 1415616K, used 49619K [0x000000079f390000, 0x00000007f5a00000, 0x00000007f5a00000)
 concurrent-mark-sweep perm gen total 65536K, used 29463K [0x00000007f5a00000, 0x00000007f9a00000, 0x0000000800000000)
}
Event: 6.418 GC heap before
{Heap before GC invocations=7 (full 0):
 par new generation   total 613440K, used 609262K [0x0000000775a00000, 0x000000079f390000, 0x000000079f390000)
  eden space 545344K,  99% used [0x0000000775a00000, 0x0000000796d4a450, 0x0000000796e90000)
  from space 68096K,  95% used [0x000000079b110000, 0x000000079f0c1678, 0x000000079f390000)
  to   space 68096K,   0% used [0x0000000796e90000, 0x0000000796e90000, 0x000000079b110000)
 concurrent mark-sweep generation total 1415616K, used 49619K [0x000000079f390000, 0x00000007f5a00000, 0x00000007f5a00000)
 concurrent-mark-sweep perm gen total 65536K, used 29471K [0x00000007f5a00000, 0x00000007f9a00000, 0x0000000800000000)
Event: 6.421 GC heap after
Heap after GC invocations=8 (full 0):
 par new generation   total 613440K, used 3007K [0x0000000775a00000, 0x000000079f390000, 0x000000079f390000)
  eden space 545344K,   0% used [0x0000000775a00000, 0x0000000775a00000, 0x0000000796e90000)
  from space 68096K,   4% used [0x0000000796e90000, 0x000000079717fc90, 0x000000079b110000)
  to   space 68096K,   0% used [0x000000079b110000, 0x000000079b110000, 0x000000079f390000)
 concurrent mark-sweep generation total 1415616K, used 51086K [0x000000079f390000, 0x00000007f5a00000, 0x00000007f5a00000)
 concurrent-mark-sweep perm gen total 65536K, used 29471K [0x00000007f5a00000, 0x00000007f9a00000, 0x0000000800000000)
}
Event: 6.512 GC heap before
{Heap before GC invocations=8 (full 0):
 par new generation   total 613440K, used 544558K [0x0000000775a00000, 0x000000079f390000, 0x000000079f390000)
  eden space 545344K,  99% used [0x0000000775a00000, 0x0000000796adbcb0, 0x0000000796e90000)
  from space 68096K,   4% used [0x0000000796e90000, 0x000000079717fc90, 0x000000079b110000)
  to   space 68096K,   0% used [0x000000079b110000, 0x000000079b110000, 0x000000079f390000)
 concurrent mark-sweep generation total 1415616K, used 51086K [0x000000079f390000, 0x00000007f5a00000, 0x00000007f5a00000)
 concurrent-mark-sweep perm gen total 65536K, used 29484K [0x00000007f5a00000, 0x00000007f9a00000, 0x0000000800000000)
Event: 6.518 GC heap after
Heap after GC invocations=9 (full 0):
 par new generation   total 613440K, used 31921K [0x0000000775a00000, 0x000000079f390000, 0x000000079f390000)
  eden space 545344K,   0% used [0x0000000775a00000, 0x0000000775a00000, 0x0000000796e90000)
  from space 68096K,  46% used [0x000000079b110000, 0x000000079d03c470, 0x000000079f390000)
  to   space 68096K,   0% used [0x0000000796e90000, 0x0000000796e90000, 0x000000079b110000)
 concurrent mark-sweep generation total 1415616K, used 51086K [0x000000079f390000, 0x00000007f5a00000, 0x00000007f5a00000)
 concurrent-mark-sweep perm gen total 65536K, used 29484K [0x00000007f5a00000, 0x00000007f9a00000, 0x0000000800000000)
}

