# JRE version: OpenJDK Runtime Environment (7.0_91-b02) (build 1.7.0_91-b02)
# Java VM: OpenJDK 64-Bit Server VM (24.91-b01 mixed mode linux-amd64 compressed oops)
Heap
 par new generation   total 613440K, used 601320K [0x0000000775a00000, 0x000000079f390000, 0x000000079f390000)
  eden space 545344K,  99% used [0x0000000775a00000, 0x0000000796e242a0, 0x0000000796e90000)
  from space 68096K,  82% used [0x000000079b110000, 0x000000079e825db8, 0x000000079f390000)
  to   space 68096K,   0% used [0x0000000796e90000, 0x0000000796e90000, 0x000000079b110000)
 concurrent mark-sweep generation total 1415616K, used 59062K [0x000000079f390000, 0x00000007f5a00000, 0x00000007f5a00000)
 concurrent-mark-sweep perm gen total 65536K, used 30469K [0x00000007f5a00000, 0x00000007f9a00000, 0x0000000800000000)
GC Heap History (10 events):
Event: 6.103 GC heap before
{Heap before GC invocations=4 (full 0):
 par new generation   total 613440K, used 549663K [0x0000000775a00000, 0x000000079f390000, 0x000000079f390000)
  eden space 545344K,  99% used [0x0000000775a00000, 0x0000000796a97c18, 0x0000000796e90000)
  from space 68096K,  12% used [0x0000000796e90000, 0x00000007976c0210, 0x000000079b110000)
  to   space 68096K,   0% used [0x000000079b110000, 0x000000079b110000, 0x000000079f390000)
 concurrent mark-sweep generation total 1415616K, used 12853K [0x000000079f390000, 0x00000007f5a00000, 0x00000007f5a00000)
 concurrent-mark-sweep perm gen total 65536K, used 29375K [0x00000007f5a00000, 0x00000007f9a00000, 0x0000000800000000)
Event: 6.118 GC heap after
Heap after GC invocations=5 (full 0):
 par new generation   total 613440K, used 65824K [0x0000000775a00000, 0x000000079f390000, 0x000000079f390000)
  eden space 545344K,   0% used [0x0000000775a00000, 0x0000000775a00000, 0x0000000796e90000)
  from space 68096K,  96% used [0x000000079b110000, 0x000000079f158278, 0x000000079f390000)
  to   space 68096K,   0% used [0x0000000796e90000, 0x0000000796e90000, 0x000000079b110000)
 concurrent mark-sweep generation total 1415616K, used 37429K [0x000000079f390000, 0x00000007f5a00000, 0x00000007f5a00000)
 concurrent-mark-sweep perm gen total 65536K, used 29375K [0x00000007f5a00000, 0x00000007f9a00000, 0x0000000800000000)
}
Event: 6.237 GC heap before
{Heap before GC invocations=5 (full 0):
 par new generation   total 613440K, used 610546K [0x0000000775a00000, 0x000000079f390000, 0x000000079f390000)
  eden space 545344K,  99% used [0x0000000775a00000, 0x0000000796df4898, 0x0000000796e90000)
  from space 68096K,  96% used [0x000000079b110000, 0x000000079f158278, 0x000000079f390000)
  to   space 68096K,   0% used [0x0000000796e90000, 0x0000000796e90000, 0x000000079b110000)
 concurrent mark-sweep generation total 1415616K, used 37429K [0x000000079f390000, 0x00000007f5a00000, 0x00000007f5a00000)
 concurrent-mark-sweep perm gen total 65536K, used 29397K [0x00000007f5a00000, 0x00000007f9a00000, 0x0000000800000000)
Event: 6.250 GC heap after
Heap after GC invocations=6 (full 0):
 par new generation   total 613440K, used 62085K [0x0000000775a00000, 0x000000079f390000, 0x000000079f390000)
  eden space 545344K,   0% used [0x0000000775a00000, 0x0000000775a00000, 0x0000000796e90000)
  from space 68096K,  91% used [0x0000000796e90000, 0x000000079ab31568, 0x000000079b110000)
  to   space 68096K,   0% used [0x000000079b110000, 0x000000079b110000, 0x000000079f390000)
 concurrent mark-sweep generation total 1415616K, used 47927K [0x000000079f390000, 0x00000007f5a00000, 0x00000007f5a00000)
 concurrent-mark-sweep perm gen total 65536K, used 29397K [0x00000007f5a00000, 0x00000007f9a00000, 0x0000000800000000)
}
Event: 6.368 GC heap before
{Heap before GC invocations=6 (full 0):
 par new generation   total 613440K, used 602698K [0x0000000775a00000, 0x000000079f390000, 0x000000079f390000)
  eden space 545344K,  99% used [0x0000000775a00000, 0x00000007969f1688, 0x0000000796e90000)
  from space 68096K,  91% used [0x0000000796e90000, 0x000000079ab31568, 0x000000079b110000)
  to   space 68096K,   0% used [0x000000079b110000, 0x000000079b110000, 0x000000079f390000)
 concurrent mark-sweep generation total 1415616K, used 47927K [0x000000079f390000, 0x00000007f5a00000, 0x00000007f5a00000)
 concurrent-mark-sweep perm gen total 65536K, used 29414K [0x00000007f5a00000, 0x00000007f9a00000, 0x0000000800000000)
Event: 6.380 GC heap after
Heap after GC invocations=7 (full 0):
 par new generation   total 613440K, used 64937K [0x0000000775a00000, 0x000000079f390000, 0x000000079f390000)
  eden space 545344K,   0% used [0x0000000775a00000, 0x0000000775a00000, 0x0000000796e90000)
  from space 68096K,  95% used [0x000000079b110000, 0x000000079f07a5a8, 0x000000079f390000)
  to   space 68096K,   0% used [0x0000000796e90000, 0x0000000796e90000, 0x000000079b110000)
 concurrent mark-sweep generation total 1415616K, used 57595K [0x000000079f390000, 0x00000007f5a00000, 0x00000007f5a00000)
 concurrent-mark-sweep perm gen total 65536K, used 29414K [0x00000007f5a00000, 0x00000007f9a00000, 0x0000000800000000)
}
Event: 6.465 GC heap before
{Heap before GC invocations=7 (full 0):
 par new generation   total 613440K, used 608103K [0x0000000775a00000, 0x000000079f390000, 0x000000079f390000)
  eden space 545344K,  99% used [0x0000000775a00000, 0x0000000796c6f800, 0x0000000796e90000)
  from space 68096K,  95% used [0x000000079b110000, 0x000000079f07a5a8, 0x000000079f390000)
  to   space 68096K,   0% used [0x0000000796e90000, 0x0000000796e90000, 0x000000079b110000)
 concurrent mark-sweep generation total 1415616K, used 57595K [0x000000079f390000, 0x00000007f5a00000, 0x00000007f5a00000)
 concurrent-mark-sweep perm gen total 65536K, used 29423K [0x00000007f5a00000, 0x00000007f9a00000, 0x0000000800000000)
Event: 6.468 GC heap after
Heap after GC invocations=8 (full 0):
 par new generation   total 613440K, used 6958K [0x0000000775a00000, 0x000000079f390000, 0x000000079f390000)
  eden space 545344K,   0% used [0x0000000775a00000, 0x0000000775a00000, 0x0000000796e90000)
  from space 68096K,  10% used [0x0000000796e90000, 0x000000079755b9a0, 0x000000079b110000)
  to   space 68096K,   0% used [0x000000079b110000, 0x000000079b110000, 0x000000079f390000)
 concurrent mark-sweep generation total 1415616K, used 59062K [0x000000079f390000, 0x00000007f5a00000, 0x00000007f5a00000)
 concurrent-mark-sweep perm gen total 65536K, used 29423K [0x00000007f5a00000, 0x00000007f9a00000, 0x0000000800000000)
}
Event: 6.556 GC heap before
{Heap before GC invocations=8 (full 0):
 par new generation   total 613440K, used 546531K [0x0000000775a00000, 0x000000079f390000, 0x000000079f390000)
  eden space 545344K,  98% used [0x0000000775a00000, 0x00000007968ed268, 0x0000000796e90000)
  from space 68096K,  10% used [0x0000000796e90000, 0x000000079755b9a0, 0x000000079b110000)
  to   space 68096K,   0% used [0x000000079b110000, 0x000000079b110000, 0x000000079f390000)
 concurrent mark-sweep generation total 1415616K, used 59062K [0x000000079f390000, 0x00000007f5a00000, 0x00000007f5a00000)
 concurrent-mark-sweep perm gen total 65536K, used 29436K [0x00000007f5a00000, 0x00000007f9a00000, 0x0000000800000000)
Event: 6.566 GC heap after
Heap after GC invocations=9 (full 0):
 par new generation   total 613440K, used 56407K [0x0000000775a00000, 0x000000079f390000, 0x000000079f390000)
  eden space 545344K,   0% used [0x0000000775a00000, 0x0000000775a00000, 0x0000000796e90000)
  from space 68096K,  82% used [0x000000079b110000, 0x000000079e825db8, 0x000000079f390000)
  to   space 68096K,   0% used [0x0000000796e90000, 0x0000000796e90000, 0x000000079b110000)
 concurrent mark-sweep generation total 1415616K, used 59062K [0x000000079f390000, 0x00000007f5a00000, 0x00000007f5a00000)
 concurrent-mark-sweep perm gen total 65536K, used 29436K [0x00000007f5a00000, 0x00000007f9a00000, 0x0000000800000000)
}

