# JRE version: OpenJDK Runtime Environment (7.0_91-b02) (build 1.7.0_91-b02)
# Java VM: OpenJDK 64-Bit Server VM (24.91-b01 mixed mode linux-amd64 compressed oops)
Heap
 par new generation   total 613440K, used 438223K [0x0000000775a00000, 0x000000079f390000, 0x000000079f390000)
  eden space 545344K,  72% used [0x0000000775a00000, 0x000000078dae88d8, 0x0000000796e90000)
  from space 68096K,  64% used [0x0000000796e90000, 0x000000079999b438, 0x000000079b110000)
  to   space 68096K,   0% used [0x000000079b110000, 0x000000079b110000, 0x000000079f390000)
 concurrent mark-sweep generation total 1415616K, used 13866K [0x000000079f390000, 0x00000007f5a00000, 0x00000007f5a00000)
 concurrent-mark-sweep perm gen total 65536K, used 30573K [0x00000007f5a00000, 0x00000007f9a00000, 0x0000000800000000)
GC Heap History (10 events):
Event: 14.368 GC heap before
{Heap before GC invocations=5 (full 0):
 par new generation   total 613440K, used 606945K [0x0000000775a00000, 0x000000079f390000, 0x000000079f390000)
  eden space 545344K, 100% used [0x0000000775a00000, 0x0000000796e90000, 0x0000000796e90000)
  from space 68096K,  90% used [0x000000079b110000, 0x000000079ed386a0, 0x000000079f390000)
  to   space 68096K,   0% used [0x0000000796e90000, 0x0000000796e90000, 0x000000079b110000)
 concurrent mark-sweep generation total 1415616K, used 11538K [0x000000079f390000, 0x00000007f5a00000, 0x00000007f5a00000)
 concurrent-mark-sweep perm gen total 65536K, used 30264K [0x00000007f5a00000, 0x00000007f9a00000, 0x0000000800000000)
Event: 14.379 GC heap after
Heap after GC invocations=6 (full 0):
 par new generation   total 613440K, used 28516K [0x0000000775a00000, 0x000000079f390000, 0x000000079f390000)
  eden space 545344K,   0% used [0x0000000775a00000, 0x0000000775a00000, 0x0000000796e90000)
  from space 68096K,  41% used [0x0000000796e90000, 0x0000000798a69138, 0x000000079b110000)
  to   space 68096K,   0% used [0x000000079b110000, 0x000000079b110000, 0x000000079f390000)
 concurrent mark-sweep generation total 1415616K, used 13866K [0x000000079f390000, 0x00000007f5a00000, 0x00000007f5a00000)
 concurrent-mark-sweep perm gen total 65536K, used 30264K [0x00000007f5a00000, 0x00000007f9a00000, 0x0000000800000000)
}
Event: 15.406 GC heap before
{Heap before GC invocations=6 (full 0):
 par new generation   total 613440K, used 573860K [0x0000000775a00000, 0x000000079f390000, 0x000000079f390000)
  eden space 545344K, 100% used [0x0000000775a00000, 0x0000000796e90000, 0x0000000796e90000)
  from space 68096K,  41% used [0x0000000796e90000, 0x0000000798a69138, 0x000000079b110000)
  to   space 68096K,   0% used [0x000000079b110000, 0x000000079b110000, 0x000000079f390000)
 concurrent mark-sweep generation total 1415616K, used 13866K [0x000000079f390000, 0x00000007f5a00000, 0x00000007f5a00000)
 concurrent-mark-sweep perm gen total 65536K, used 30292K [0x00000007f5a00000, 0x00000007f9a00000, 0x0000000800000000)
Event: 15.414 GC heap after
Heap after GC invocations=7 (full 0):
 par new generation   total 613440K, used 38963K [0x0000000775a00000, 0x000000079f390000, 0x000000079f390000)
  eden space 545344K,   0% used [0x0000000775a00000, 0x0000000775a00000, 0x0000000796e90000)
  from space 68096K,  57% used [0x000000079b110000, 0x000000079d71ce70, 0x000000079f390000)
  to   space 68096K,   0% used [0x0000000796e90000, 0x0000000796e90000, 0x000000079b110000)
 concurrent mark-sweep generation total 1415616K, used 13866K [0x000000079f390000, 0x00000007f5a00000, 0x00000007f5a00000)
 concurrent-mark-sweep perm gen total 65536K, used 30292K [0x00000007f5a00000, 0x00000007f9a00000, 0x0000000800000000)
}
Event: 16.356 GC heap before
{Heap before GC invocations=7 (full 0):
 par new generation   total 613440K, used 584307K [0x0000000775a00000, 0x000000079f390000, 0x000000079f390000)
  eden space 545344K, 100% used [0x0000000775a00000, 0x0000000796e90000, 0x0000000796e90000)
  from space 68096K,  57% used [0x000000079b110000, 0x000000079d71ce70, 0x000000079f390000)
  to   space 68096K,   0% used [0x0000000796e90000, 0x0000000796e90000, 0x000000079b110000)
 concurrent mark-sweep generation total 1415616K, used 13866K [0x000000079f390000, 0x00000007f5a00000, 0x00000007f5a00000)
 concurrent-mark-sweep perm gen total 65536K, used 30320K [0x00000007f5a00000, 0x00000007f9a00000, 0x0000000800000000)
Event: 16.365 GC heap after
Heap after GC invocations=8 (full 0):
 par new generation   total 613440K, used 40730K [0x0000000775a00000, 0x000000079f390000, 0x000000079f390000)
  eden space 545344K,   0% used [0x0000000775a00000, 0x0000000775a00000, 0x0000000796e90000)
  from space 68096K,  59% used [0x0000000796e90000, 0x0000000799656828, 0x000000079b110000)
  to   space 68096K,   0% used [0x000000079b110000, 0x000000079b110000, 0x000000079f390000)
 concurrent mark-sweep generation total 1415616K, used 13866K [0x000000079f390000, 0x00000007f5a00000, 0x00000007f5a00000)
 concurrent-mark-sweep perm gen total 65536K, used 30320K [0x00000007f5a00000, 0x00000007f9a00000, 0x0000000800000000)
}
Event: 17.279 GC heap before
{Heap before GC invocations=8 (full 0):
 par new generation   total 613440K, used 586074K [0x0000000775a00000, 0x000000079f390000, 0x000000079f390000)
  eden space 545344K, 100% used [0x0000000775a00000, 0x0000000796e90000, 0x0000000796e90000)
  from space 68096K,  59% used [0x0000000796e90000, 0x0000000799656828, 0x000000079b110000)
  to   space 68096K,   0% used [0x000000079b110000, 0x000000079b110000, 0x000000079f390000)
 concurrent mark-sweep generation total 1415616K, used 13866K [0x000000079f390000, 0x00000007f5a00000, 0x00000007f5a00000)
 concurrent-mark-sweep perm gen total 65536K, used 30332K [0x00000007f5a00000, 0x00000007f9a00000, 0x0000000800000000)
Event: 17.287 GC heap after
Heap after GC invocations=9 (full 0):
 par new generation   total 613440K, used 41194K [0x0000000775a00000, 0x000000079f390000, 0x000000079f390000)
  eden space 545344K,   0% used [0x0000000775a00000, 0x0000000775a00000, 0x0000000796e90000)
  from space 68096K,  60% used [0x000000079b110000, 0x000000079d94aa50, 0x000000079f390000)
  to   space 68096K,   0% used [0x0000000796e90000, 0x0000000796e90000, 0x000000079b110000)
 concurrent mark-sweep generation total 1415616K, used 13866K [0x000000079f390000, 0x00000007f5a00000, 0x00000007f5a00000)
 concurrent-mark-sweep perm gen total 65536K, used 30332K [0x00000007f5a00000, 0x00000007f9a00000, 0x0000000800000000)
}
Event: 18.136 GC heap before
{Heap before GC invocations=9 (full 0):
 par new generation   total 613440K, used 586538K [0x0000000775a00000, 0x000000079f390000, 0x000000079f390000)
  eden space 545344K, 100% used [0x0000000775a00000, 0x0000000796e90000, 0x0000000796e90000)
  from space 68096K,  60% used [0x000000079b110000, 0x000000079d94aa50, 0x000000079f390000)
  to   space 68096K,   0% used [0x0000000796e90000, 0x0000000796e90000, 0x000000079b110000)
 concurrent mark-sweep generation total 1415616K, used 13866K [0x000000079f390000, 0x00000007f5a00000, 0x00000007f5a00000)
 concurrent-mark-sweep perm gen total 65536K, used 30349K [0x00000007f5a00000, 0x00000007f9a00000, 0x0000000800000000)
Event: 18.144 GC heap after
Heap after GC invocations=10 (full 0):
 par new generation   total 613440K, used 44077K [0x0000000775a00000, 0x000000079f390000, 0x000000079f390000)
  eden space 545344K,   0% used [0x0000000775a00000, 0x0000000775a00000, 0x0000000796e90000)
  from space 68096K,  64% used [0x0000000796e90000, 0x000000079999b438, 0x000000079b110000)
  to   space 68096K,   0% used [0x000000079b110000, 0x000000079b110000, 0x000000079f390000)
 concurrent mark-sweep generation total 1415616K, used 13866K [0x000000079f390000, 0x00000007f5a00000, 0x00000007f5a00000)
 concurrent-mark-sweep perm gen total 65536K, used 30349K [0x00000007f5a00000, 0x00000007f9a00000, 0x0000000800000000)
}

