# JRE version: OpenJDK Runtime Environment (7.0_91-b02) (build 1.7.0_91-b02)
# Java VM: OpenJDK 64-Bit Server VM (24.91-b01 mixed mode linux-amd64 compressed oops)
Heap
 par new generation   total 613440K, used 320785K [0x0000000775a00000, 0x000000079f390000, 0x000000079f390000)
  eden space 545344K,  51% used [0x0000000775a00000, 0x0000000786eabc30, 0x0000000796e90000)
  from space 68096K,  55% used [0x000000079b110000, 0x000000079d5a8a10, 0x000000079f390000)
  to   space 68096K,   0% used [0x0000000796e90000, 0x0000000796e90000, 0x000000079b110000)
 concurrent mark-sweep generation total 1415616K, used 32962K [0x000000079f390000, 0x00000007f5a00000, 0x00000007f5a00000)
 concurrent-mark-sweep perm gen total 65536K, used 30292K [0x00000007f5a00000, 0x00000007f9a00000, 0x0000000800000000)
GC Heap History (10 events):
Event: 1.651 GC heap before
{Heap before GC invocations=0 (full 0):
 par new generation   total 613440K, used 545344K [0x0000000775a00000, 0x000000079f390000, 0x000000079f390000)
  eden space 545344K, 100% used [0x0000000775a00000, 0x0000000796e90000, 0x0000000796e90000)
  from space 68096K,   0% used [0x0000000796e90000, 0x0000000796e90000, 0x000000079b110000)
  to   space 68096K,   0% used [0x000000079b110000, 0x000000079b110000, 0x000000079f390000)
 concurrent mark-sweep generation total 1415616K, used 0K [0x000000079f390000, 0x00000007f5a00000, 0x00000007f5a00000)
 concurrent-mark-sweep perm gen total 65536K, used 26304K [0x00000007f5a00000, 0x00000007f9a00000, 0x0000000800000000)
Event: 1.665 GC heap after
Heap after GC invocations=1 (full 0):
 par new generation   total 613440K, used 17446K [0x0000000775a00000, 0x000000079f390000, 0x000000079f390000)
  eden space 545344K,   0% used [0x0000000775a00000, 0x0000000775a00000, 0x0000000796e90000)
  from space 68096K,  25% used [0x000000079b110000, 0x000000079c219880, 0x000000079f390000)
  to   space 68096K,   0% used [0x0000000796e90000, 0x0000000796e90000, 0x000000079b110000)
 concurrent mark-sweep generation total 1415616K, used 0K [0x000000079f390000, 0x00000007f5a00000, 0x00000007f5a00000)
 concurrent-mark-sweep perm gen total 65536K, used 26304K [0x00000007f5a00000, 0x00000007f9a00000, 0x0000000800000000)
}
Event: 7.811 GC heap before
{Heap before GC invocations=1 (full 0):
 par new generation   total 613440K, used 558714K [0x0000000775a00000, 0x000000079f390000, 0x000000079f390000)
  eden space 545344K,  99% used [0x0000000775a00000, 0x0000000796a95378, 0x0000000796e90000)
  from space 68096K,  25% used [0x000000079b110000, 0x000000079c219880, 0x000000079f390000)
  to   space 68096K,   0% used [0x0000000796e90000, 0x0000000796e90000, 0x000000079b110000)
 concurrent mark-sweep generation total 1415616K, used 0K [0x000000079f390000, 0x00000007f5a00000, 0x00000007f5a00000)
 concurrent-mark-sweep perm gen total 65536K, used 29101K [0x00000007f5a00000, 0x00000007f9a00000, 0x0000000800000000)
Event: 7.829 GC heap after
Heap after GC invocations=2 (full 0):
 par new generation   total 613440K, used 67760K [0x0000000775a00000, 0x000000079f390000, 0x000000079f390000)
  eden space 545344K,   0% used [0x0000000775a00000, 0x0000000775a00000, 0x0000000796e90000)
  from space 68096K,  99% used [0x0000000796e90000, 0x000000079b0bc1d0, 0x000000079b110000)
  to   space 68096K,   0% used [0x000000079b110000, 0x000000079b110000, 0x000000079f390000)
 concurrent mark-sweep generation total 1415616K, used 24582K [0x000000079f390000, 0x00000007f5a00000, 0x00000007f5a00000)
 concurrent-mark-sweep perm gen total 65536K, used 29101K [0x00000007f5a00000, 0x00000007f9a00000, 0x0000000800000000)
}
Event: 7.984 GC heap before
{Heap before GC invocations=2 (full 0):
 par new generation   total 613440K, used 611889K [0x0000000775a00000, 0x000000079f390000, 0x000000079f390000)
  eden space 545344K,  99% used [0x0000000775a00000, 0x0000000796d605b8, 0x0000000796e90000)
  from space 68096K,  99% used [0x0000000796e90000, 0x000000079b0bc1d0, 0x000000079b110000)
  to   space 68096K,   0% used [0x000000079b110000, 0x000000079b110000, 0x000000079f390000)
 concurrent mark-sweep generation total 1415616K, used 24582K [0x000000079f390000, 0x00000007f5a00000, 0x00000007f5a00000)
 concurrent-mark-sweep perm gen total 65536K, used 29283K [0x00000007f5a00000, 0x00000007f9a00000, 0x0000000800000000)
Event: 8.012 GC heap after
Heap after GC invocations=3 (full 0):
 par new generation   total 613440K, used 32676K [0x0000000775a00000, 0x000000079f390000, 0x000000079f390000)
  eden space 545344K,   0% used [0x0000000775a00000, 0x0000000775a00000, 0x0000000796e90000)
  from space 68096K,  47% used [0x000000079b110000, 0x000000079d0f9370, 0x000000079f390000)
  to   space 68096K,   0% used [0x0000000796e90000, 0x0000000796e90000, 0x000000079b110000)
 concurrent mark-sweep generation total 1415616K, used 32962K [0x000000079f390000, 0x00000007f5a00000, 0x00000007f5a00000)
 concurrent-mark-sweep perm gen total 65536K, used 29283K [0x00000007f5a00000, 0x00000007f9a00000, 0x0000000800000000)
}
Event: 8.078 GC heap before
{Heap before GC invocations=3 (full 0):
 par new generation   total 613440K, used 577017K [0x0000000775a00000, 0x000000079f390000, 0x000000079f390000)
  eden space 545344K,  99% used [0x0000000775a00000, 0x0000000796d95420, 0x0000000796e90000)
  from space 68096K,  47% used [0x000000079b110000, 0x000000079d0f9370, 0x000000079f390000)
  to   space 68096K,   0% used [0x0000000796e90000, 0x0000000796e90000, 0x000000079b110000)
 concurrent mark-sweep generation total 1415616K, used 32962K [0x000000079f390000, 0x00000007f5a00000, 0x00000007f5a00000)
 concurrent-mark-sweep perm gen total 65536K, used 29286K [0x00000007f5a00000, 0x00000007f9a00000, 0x0000000800000000)
Event: 8.081 GC heap after
Heap after GC invocations=4 (full 0):
 par new generation   total 613440K, used 3605K [0x0000000775a00000, 0x000000079f390000, 0x000000079f390000)
  eden space 545344K,   0% used [0x0000000775a00000, 0x0000000775a00000, 0x0000000796e90000)
  from space 68096K,   5% used [0x0000000796e90000, 0x0000000797215480, 0x000000079b110000)
  to   space 68096K,   0% used [0x000000079b110000, 0x000000079b110000, 0x000000079f390000)
 concurrent mark-sweep generation total 1415616K, used 32962K [0x000000079f390000, 0x00000007f5a00000, 0x00000007f5a00000)
 concurrent-mark-sweep perm gen total 65536K, used 29286K [0x00000007f5a00000, 0x00000007f9a00000, 0x0000000800000000)
}
Event: 8.212 GC heap before
{Heap before GC invocations=4 (full 0):
 par new generation   total 613440K, used 546694K [0x0000000775a00000, 0x000000079f390000, 0x000000079f390000)
  eden space 545344K,  99% used [0x0000000775a00000, 0x0000000796c5c760, 0x0000000796e90000)
  from space 68096K,   5% used [0x0000000796e90000, 0x0000000797215480, 0x000000079b110000)
  to   space 68096K,   0% used [0x000000079b110000, 0x000000079b110000, 0x000000079f390000)
 concurrent mark-sweep generation total 1415616K, used 32962K [0x000000079f390000, 0x00000007f5a00000, 0x00000007f5a00000)
 concurrent-mark-sweep perm gen total 65536K, used 29439K [0x00000007f5a00000, 0x00000007f9a00000, 0x0000000800000000)
Event: 8.219 GC heap after
Heap after GC invocations=5 (full 0):
 par new generation   total 613440K, used 37474K [0x0000000775a00000, 0x000000079f390000, 0x000000079f390000)
  eden space 545344K,   0% used [0x0000000775a00000, 0x0000000775a00000, 0x0000000796e90000)
  from space 68096K,  55% used [0x000000079b110000, 0x000000079d5a8a10, 0x000000079f390000)
  to   space 68096K,   0% used [0x0000000796e90000, 0x0000000796e90000, 0x000000079b110000)
 concurrent mark-sweep generation total 1415616K, used 32962K [0x000000079f390000, 0x00000007f5a00000, 0x00000007f5a00000)
 concurrent-mark-sweep perm gen total 65536K, used 29439K [0x00000007f5a00000, 0x00000007f9a00000, 0x0000000800000000)
}

