# JRE version: OpenJDK Runtime Environment (7.0_91-b02) (build 1.7.0_91-b02)
# Java VM: OpenJDK 64-Bit Server VM (24.91-b01 mixed mode linux-amd64 compressed oops)
Heap
 par new generation   total 613440K, used 582388K [0x0000000775a00000, 0x000000079f390000, 0x000000079f390000)
  eden space 545344K,  94% used [0x0000000775a00000, 0x0000000795382860, 0x0000000796e90000)
  from space 68096K,  95% used [0x000000079b110000, 0x000000079f04aab0, 0x000000079f390000)
  to   space 68096K,   0% used [0x0000000796e90000, 0x0000000796e90000, 0x000000079b110000)
 concurrent mark-sweep generation total 1415616K, used 43265K [0x000000079f390000, 0x00000007f5a00000, 0x00000007f5a00000)
 concurrent-mark-sweep perm gen total 65536K, used 30484K [0x00000007f5a00000, 0x00000007f9a00000, 0x0000000800000000)
GC Heap History (10 events):
Event: 6.520 GC heap before
{Heap before GC invocations=4 (full 0):
 par new generation   total 613440K, used 547877K [0x0000000775a00000, 0x000000079f390000, 0x000000079f390000)
  eden space 545344K,  99% used [0x0000000775a00000, 0x0000000796af7b90, 0x0000000796e90000)
  from space 68096K,   9% used [0x0000000796e90000, 0x00000007974a1c28, 0x000000079b110000)
  to   space 68096K,   0% used [0x000000079b110000, 0x000000079b110000, 0x000000079f390000)
 concurrent mark-sweep generation total 1415616K, used 22361K [0x000000079f390000, 0x00000007f5a00000, 0x00000007f5a00000)
 concurrent-mark-sweep perm gen total 65536K, used 29418K [0x00000007f5a00000, 0x00000007f9a00000, 0x0000000800000000)
Event: 6.534 GC heap after
Heap after GC invocations=5 (full 0):
 par new generation   total 613440K, used 64351K [0x0000000775a00000, 0x000000079f390000, 0x000000079f390000)
  eden space 545344K,   0% used [0x0000000775a00000, 0x0000000775a00000, 0x0000000796e90000)
  from space 68096K,  94% used [0x000000079b110000, 0x000000079efe7ef8, 0x000000079f390000)
  to   space 68096K,   0% used [0x0000000796e90000, 0x0000000796e90000, 0x000000079b110000)
 concurrent mark-sweep generation total 1415616K, used 30553K [0x000000079f390000, 0x00000007f5a00000, 0x00000007f5a00000)
 concurrent-mark-sweep perm gen total 65536K, used 29418K [0x00000007f5a00000, 0x00000007f9a00000, 0x0000000800000000)
}
Event: 6.659 GC heap before
{Heap before GC invocations=5 (full 0):
 par new generation   total 613440K, used 604916K [0x0000000775a00000, 0x000000079f390000, 0x000000079f390000)
  eden space 545344K,  99% used [0x0000000775a00000, 0x00000007969e51e0, 0x0000000796e90000)
  from space 68096K,  94% used [0x000000079b110000, 0x000000079efe7ef8, 0x000000079f390000)
  to   space 68096K,   0% used [0x0000000796e90000, 0x0000000796e90000, 0x000000079b110000)
 concurrent mark-sweep generation total 1415616K, used 30553K [0x000000079f390000, 0x00000007f5a00000, 0x00000007f5a00000)
 concurrent-mark-sweep perm gen total 65536K, used 29443K [0x00000007f5a00000, 0x00000007f9a00000, 0x0000000800000000)
Event: 6.670 GC heap after
Heap after GC invocations=6 (full 0):
 par new generation   total 613440K, used 61037K [0x0000000775a00000, 0x000000079f390000, 0x000000079f390000)
  eden space 545344K,   0% used [0x0000000775a00000, 0x0000000775a00000, 0x0000000796e90000)
  from space 68096K,  89% used [0x0000000796e90000, 0x000000079aa2b578, 0x000000079b110000)
  to   space 68096K,   0% used [0x000000079b110000, 0x000000079b110000, 0x000000079f390000)
 concurrent mark-sweep generation total 1415616K, used 32098K [0x000000079f390000, 0x00000007f5a00000, 0x00000007f5a00000)
 concurrent-mark-sweep perm gen total 65536K, used 29443K [0x00000007f5a00000, 0x00000007f9a00000, 0x0000000800000000)
}
Event: 6.790 GC heap before
{Heap before GC invocations=6 (full 0):
 par new generation   total 613440K, used 601491K [0x0000000775a00000, 0x000000079f390000, 0x000000079f390000)
  eden space 545344K,  99% used [0x0000000775a00000, 0x00000007969c9860, 0x0000000796e90000)
  from space 68096K,  89% used [0x0000000796e90000, 0x000000079aa2b578, 0x000000079b110000)
  to   space 68096K,   0% used [0x000000079b110000, 0x000000079b110000, 0x000000079f390000)
 concurrent mark-sweep generation total 1415616K, used 32098K [0x000000079f390000, 0x00000007f5a00000, 0x00000007f5a00000)
 concurrent-mark-sweep perm gen total 65536K, used 29462K [0x00000007f5a00000, 0x00000007f9a00000, 0x0000000800000000)
Event: 6.801 GC heap after
Heap after GC invocations=7 (full 0):
 par new generation   total 613440K, used 64687K [0x0000000775a00000, 0x000000079f390000, 0x000000079f390000)
  eden space 545344K,   0% used [0x0000000775a00000, 0x0000000775a00000, 0x0000000796e90000)
  from space 68096K,  94% used [0x000000079b110000, 0x000000079f03bdb0, 0x000000079f390000)
  to   space 68096K,   0% used [0x0000000796e90000, 0x0000000796e90000, 0x000000079b110000)
 concurrent mark-sweep generation total 1415616K, used 33576K [0x000000079f390000, 0x00000007f5a00000, 0x00000007f5a00000)
 concurrent-mark-sweep perm gen total 65536K, used 29462K [0x00000007f5a00000, 0x00000007f9a00000, 0x0000000800000000)
}
Event: 6.890 GC heap before
{Heap before GC invocations=7 (full 0):
 par new generation   total 613440K, used 602457K [0x0000000775a00000, 0x000000079f390000, 0x000000079f390000)
  eden space 545344K,  98% used [0x0000000775a00000, 0x000000079672a9f0, 0x0000000796e90000)
  from space 68096K,  94% used [0x000000079b110000, 0x000000079f03bdb0, 0x000000079f390000)
  to   space 68096K,   0% used [0x0000000796e90000, 0x0000000796e90000, 0x000000079b110000)
 concurrent mark-sweep generation total 1415616K, used 33576K [0x000000079f390000, 0x00000007f5a00000, 0x00000007f5a00000)
 concurrent-mark-sweep perm gen total 65536K, used 29470K [0x00000007f5a00000, 0x00000007f9a00000, 0x0000000800000000)
Event: 6.894 GC heap after
Heap after GC invocations=8 (full 0):
 par new generation   total 613440K, used 7091K [0x0000000775a00000, 0x000000079f390000, 0x000000079f390000)
  eden space 545344K,   0% used [0x0000000775a00000, 0x0000000775a00000, 0x0000000796e90000)
  from space 68096K,  10% used [0x0000000796e90000, 0x000000079757ce50, 0x000000079b110000)
  to   space 68096K,   0% used [0x000000079b110000, 0x000000079b110000, 0x000000079f390000)
 concurrent mark-sweep generation total 1415616K, used 35073K [0x000000079f390000, 0x00000007f5a00000, 0x00000007f5a00000)
 concurrent-mark-sweep perm gen total 65536K, used 29470K [0x00000007f5a00000, 0x00000007f9a00000, 0x0000000800000000)
}
Event: 6.978 GC heap before
{Heap before GC invocations=8 (full 0):
 par new generation   total 613440K, used 550003K [0x0000000775a00000, 0x000000079f390000, 0x000000079f390000)
  eden space 545344K,  99% used [0x0000000775a00000, 0x0000000796c2ffc0, 0x0000000796e90000)
  from space 68096K,  10% used [0x0000000796e90000, 0x000000079757ce50, 0x000000079b110000)
  to   space 68096K,   0% used [0x000000079b110000, 0x000000079b110000, 0x000000079f390000)
 concurrent mark-sweep generation total 1415616K, used 35073K [0x000000079f390000, 0x00000007f5a00000, 0x00000007f5a00000)
 concurrent-mark-sweep perm gen total 65536K, used 29483K [0x00000007f5a00000, 0x00000007f9a00000, 0x0000000800000000)
Event: 6.990 GC heap after
Heap after GC invocations=9 (full 0):
 par new generation   total 613440K, used 64746K [0x0000000775a00000, 0x000000079f390000, 0x000000079f390000)
  eden space 545344K,   0% used [0x0000000775a00000, 0x0000000775a00000, 0x0000000796e90000)
  from space 68096K,  95% used [0x000000079b110000, 0x000000079f04aab0, 0x000000079f390000)
  to   space 68096K,   0% used [0x0000000796e90000, 0x0000000796e90000, 0x000000079b110000)
 concurrent mark-sweep generation total 1415616K, used 43265K [0x000000079f390000, 0x00000007f5a00000, 0x00000007f5a00000)
 concurrent-mark-sweep perm gen total 65536K, used 29483K [0x00000007f5a00000, 0x00000007f9a00000, 0x0000000800000000)
}

