# JRE version: OpenJDK Runtime Environment (7.0_91-b02) (build 1.7.0_91-b02)
# Java VM: OpenJDK 64-Bit Server VM (24.91-b01 mixed mode linux-amd64 compressed oops)
Heap
 par new generation   total 613440K, used 550355K [0x0000000775a00000, 0x000000079f390000, 0x000000079f390000)
  eden space 545344K,  92% used [0x0000000775a00000, 0x000000079446cda0, 0x0000000796e90000)
  from space 68096K,  70% used [0x000000079b110000, 0x000000079e017f28, 0x000000079f390000)
  to   space 68096K,   0% used [0x0000000796e90000, 0x0000000796e90000, 0x000000079b110000)
 concurrent mark-sweep generation total 1415616K, used 67399K [0x000000079f390000, 0x00000007f5a00000, 0x00000007f5a00000)
 concurrent-mark-sweep perm gen total 65536K, used 30440K [0x00000007f5a00000, 0x00000007f9a00000, 0x0000000800000000)
GC Heap History (10 events):
Event: 6.434 GC heap before
{Heap before GC invocations=4 (full 0):
 par new generation   total 613440K, used 551362K [0x0000000775a00000, 0x000000079f390000, 0x000000079f390000)
  eden space 545344K,  99% used [0x0000000775a00000, 0x0000000796cea598, 0x0000000796e90000)
  from space 68096K,  11% used [0x0000000796e90000, 0x0000000797616638, 0x000000079b110000)
  to   space 68096K,   0% used [0x000000079b110000, 0x000000079b110000, 0x000000079f390000)
 concurrent mark-sweep generation total 1415616K, used 35972K [0x000000079f390000, 0x00000007f5a00000, 0x00000007f5a00000)
 concurrent-mark-sweep perm gen total 65536K, used 29362K [0x00000007f5a00000, 0x00000007f9a00000, 0x0000000800000000)
Event: 6.448 GC heap after
Heap after GC invocations=5 (full 0):
 par new generation   total 613440K, used 68096K [0x0000000775a00000, 0x000000079f390000, 0x000000079f390000)
  eden space 545344K,   0% used [0x0000000775a00000, 0x0000000775a00000, 0x0000000796e90000)
  from space 68096K, 100% used [0x000000079b110000, 0x000000079f390000, 0x000000079f390000)
  to   space 68096K,   0% used [0x0000000796e90000, 0x0000000796e90000, 0x000000079b110000)
 concurrent mark-sweep generation total 1415616K, used 45427K [0x000000079f390000, 0x00000007f5a00000, 0x00000007f5a00000)
 concurrent-mark-sweep perm gen total 65536K, used 29362K [0x00000007f5a00000, 0x00000007f9a00000, 0x0000000800000000)
}
Event: 6.567 GC heap before
{Heap before GC invocations=5 (full 0):
 par new generation   total 613440K, used 609806K [0x0000000775a00000, 0x000000079f390000, 0x000000079f390000)
  eden space 545344K,  99% used [0x0000000775a00000, 0x0000000796b03b08, 0x0000000796e90000)
  from space 68096K, 100% used [0x000000079b110000, 0x000000079f390000, 0x000000079f390000)
  to   space 68096K,   0% used [0x0000000796e90000, 0x0000000796e90000, 0x000000079b110000)
 concurrent mark-sweep generation total 1415616K, used 45427K [0x000000079f390000, 0x00000007f5a00000, 0x00000007f5a00000)
 concurrent-mark-sweep perm gen total 65536K, used 29388K [0x00000007f5a00000, 0x00000007f9a00000, 0x0000000800000000)
Event: 6.581 GC heap after
Heap after GC invocations=6 (full 0):
 par new generation   total 613440K, used 68096K [0x0000000775a00000, 0x000000079f390000, 0x000000079f390000)
  eden space 545344K,   0% used [0x0000000775a00000, 0x0000000775a00000, 0x0000000796e90000)
  from space 68096K, 100% used [0x0000000796e90000, 0x000000079b110000, 0x000000079b110000)
  to   space 68096K,   0% used [0x000000079b110000, 0x000000079b110000, 0x000000079f390000)
 concurrent mark-sweep generation total 1415616K, used 56137K [0x000000079f390000, 0x00000007f5a00000, 0x00000007f5a00000)
 concurrent-mark-sweep perm gen total 65536K, used 29388K [0x00000007f5a00000, 0x00000007f9a00000, 0x0000000800000000)
}
Event: 6.705 GC heap before
{Heap before GC invocations=6 (full 0):
 par new generation   total 613440K, used 613354K [0x0000000775a00000, 0x000000079f390000, 0x000000079f390000)
  eden space 545344K,  99% used [0x0000000775a00000, 0x0000000796e7ab20, 0x0000000796e90000)
  from space 68096K, 100% used [0x0000000796e90000, 0x000000079b110000, 0x000000079b110000)
  to   space 68096K,   0% used [0x000000079b110000, 0x000000079b110000, 0x000000079f390000)
 concurrent mark-sweep generation total 1415616K, used 56137K [0x000000079f390000, 0x00000007f5a00000, 0x00000007f5a00000)
 concurrent-mark-sweep perm gen total 65536K, used 29407K [0x00000007f5a00000, 0x00000007f9a00000, 0x0000000800000000)
Event: 6.718 GC heap after
Heap after GC invocations=7 (full 0):
 par new generation   total 613440K, used 65403K [0x0000000775a00000, 0x000000079f390000, 0x000000079f390000)
  eden space 545344K,   0% used [0x0000000775a00000, 0x0000000775a00000, 0x0000000796e90000)
  from space 68096K,  96% used [0x000000079b110000, 0x000000079f0eeff8, 0x000000079f390000)
  to   space 68096K,   0% used [0x0000000796e90000, 0x0000000796e90000, 0x000000079b110000)
 concurrent mark-sweep generation total 1415616K, used 65902K [0x000000079f390000, 0x00000007f5a00000, 0x00000007f5a00000)
 concurrent-mark-sweep perm gen total 65536K, used 29407K [0x00000007f5a00000, 0x00000007f9a00000, 0x0000000800000000)
}
Event: 6.806 GC heap before
{Heap before GC invocations=7 (full 0):
 par new generation   total 613440K, used 605324K [0x0000000775a00000, 0x000000079f390000, 0x000000079f390000)
  eden space 545344K,  99% used [0x0000000775a00000, 0x00000007969440d8, 0x0000000796e90000)
  from space 68096K,  96% used [0x000000079b110000, 0x000000079f0eeff8, 0x000000079f390000)
  to   space 68096K,   0% used [0x0000000796e90000, 0x0000000796e90000, 0x000000079b110000)
 concurrent mark-sweep generation total 1415616K, used 65902K [0x000000079f390000, 0x00000007f5a00000, 0x00000007f5a00000)
 concurrent-mark-sweep perm gen total 65536K, used 29416K [0x00000007f5a00000, 0x00000007f9a00000, 0x0000000800000000)
Event: 6.811 GC heap after
Heap after GC invocations=8 (full 0):
 par new generation   total 613440K, used 7522K [0x0000000775a00000, 0x000000079f390000, 0x000000079f390000)
  eden space 545344K,   0% used [0x0000000775a00000, 0x0000000775a00000, 0x0000000796e90000)
  from space 68096K,  11% used [0x0000000796e90000, 0x00000007975e8960, 0x000000079b110000)
  to   space 68096K,   0% used [0x000000079b110000, 0x000000079b110000, 0x000000079f390000)
 concurrent mark-sweep generation total 1415616K, used 67399K [0x000000079f390000, 0x00000007f5a00000, 0x00000007f5a00000)
 concurrent-mark-sweep perm gen total 65536K, used 29416K [0x00000007f5a00000, 0x00000007f9a00000, 0x0000000800000000)
}
Event: 6.895 GC heap before
{Heap before GC invocations=8 (full 0):
 par new generation   total 613440K, used 549487K [0x0000000775a00000, 0x000000079f390000, 0x000000079f390000)
  eden space 545344K,  99% used [0x0000000775a00000, 0x0000000796b433c0, 0x0000000796e90000)
  from space 68096K,  11% used [0x0000000796e90000, 0x00000007975e8960, 0x000000079b110000)
  to   space 68096K,   0% used [0x000000079b110000, 0x000000079b110000, 0x000000079f390000)
 concurrent mark-sweep generation total 1415616K, used 67399K [0x000000079f390000, 0x00000007f5a00000, 0x00000007f5a00000)
 concurrent-mark-sweep perm gen total 65536K, used 29430K [0x00000007f5a00000, 0x00000007f9a00000, 0x0000000800000000)
Event: 6.903 GC heap after
Heap after GC invocations=9 (full 0):
 par new generation   total 613440K, used 48159K [0x0000000775a00000, 0x000000079f390000, 0x000000079f390000)
  eden space 545344K,   0% used [0x0000000775a00000, 0x0000000775a00000, 0x0000000796e90000)
  from space 68096K,  70% used [0x000000079b110000, 0x000000079e017f28, 0x000000079f390000)
  to   space 68096K,   0% used [0x0000000796e90000, 0x0000000796e90000, 0x000000079b110000)
 concurrent mark-sweep generation total 1415616K, used 67399K [0x000000079f390000, 0x00000007f5a00000, 0x00000007f5a00000)
 concurrent-mark-sweep perm gen total 65536K, used 29430K [0x00000007f5a00000, 0x00000007f9a00000, 0x0000000800000000)
}

