# JRE version: OpenJDK Runtime Environment (7.0_91-b02) (build 1.7.0_91-b02)
# Java VM: OpenJDK 64-Bit Server VM (24.91-b01 mixed mode linux-amd64 compressed oops)
Heap
 par new generation   total 613440K, used 520005K [0x0000000775a00000, 0x000000079f390000, 0x000000079f390000)
  eden space 545344K,  82% used [0x0000000775a00000, 0x00000007913514b8, 0x0000000796e90000)
  from space 68096K, 100% used [0x000000079b110000, 0x000000079f390000, 0x000000079f390000)
  to   space 68096K,   0% used [0x0000000796e90000, 0x0000000796e90000, 0x000000079b110000)
 concurrent mark-sweep generation total 1415616K, used 43821K [0x000000079f390000, 0x00000007f5a00000, 0x00000007f5a00000)
 concurrent-mark-sweep perm gen total 65536K, used 30443K [0x00000007f5a00000, 0x00000007f9a00000, 0x0000000800000000)
GC Heap History (10 events):
Event: 6.179 GC heap before
{Heap before GC invocations=4 (full 0):
 par new generation   total 613440K, used 547704K [0x0000000775a00000, 0x000000079f390000, 0x000000079f390000)
  eden space 545344K,  98% used [0x0000000775a00000, 0x0000000796910460, 0x0000000796e90000)
  from space 68096K,  11% used [0x0000000796e90000, 0x000000079765dda0, 0x000000079b110000)
  to   space 68096K,   0% used [0x000000079b110000, 0x000000079b110000, 0x000000079f390000)
 concurrent mark-sweep generation total 1415616K, used 21898K [0x000000079f390000, 0x00000007f5a00000, 0x00000007f5a00000)
 concurrent-mark-sweep perm gen total 65536K, used 29380K [0x00000007f5a00000, 0x00000007f9a00000, 0x0000000800000000)
Event: 6.191 GC heap after
Heap after GC invocations=5 (full 0):
 par new generation   total 613440K, used 65747K [0x0000000775a00000, 0x000000079f390000, 0x000000079f390000)
  eden space 545344K,   0% used [0x0000000775a00000, 0x0000000775a00000, 0x0000000796e90000)
  from space 68096K,  96% used [0x000000079b110000, 0x000000079f144ec0, 0x000000079f390000)
  to   space 68096K,   0% used [0x0000000796e90000, 0x0000000796e90000, 0x000000079b110000)
 concurrent mark-sweep generation total 1415616K, used 30091K [0x000000079f390000, 0x00000007f5a00000, 0x00000007f5a00000)
 concurrent-mark-sweep perm gen total 65536K, used 29380K [0x00000007f5a00000, 0x00000007f9a00000, 0x0000000800000000)
}
Event: 6.313 GC heap before
{Heap before GC invocations=5 (full 0):
 par new generation   total 613440K, used 607794K [0x0000000775a00000, 0x000000079f390000, 0x000000079f390000)
  eden space 545344K,  99% used [0x0000000775a00000, 0x0000000796b57968, 0x0000000796e90000)
  from space 68096K,  96% used [0x000000079b110000, 0x000000079f144ec0, 0x000000079f390000)
  to   space 68096K,   0% used [0x0000000796e90000, 0x0000000796e90000, 0x000000079b110000)
 concurrent mark-sweep generation total 1415616K, used 30091K [0x000000079f390000, 0x00000007f5a00000, 0x00000007f5a00000)
 concurrent-mark-sweep perm gen total 65536K, used 29400K [0x00000007f5a00000, 0x00000007f9a00000, 0x0000000800000000)
Event: 6.326 GC heap after
Heap after GC invocations=6 (full 0):
 par new generation   total 613440K, used 65447K [0x0000000775a00000, 0x000000079f390000, 0x000000079f390000)
  eden space 545344K,   0% used [0x0000000775a00000, 0x0000000775a00000, 0x0000000796e90000)
  from space 68096K,  96% used [0x0000000796e90000, 0x000000079ae79d90, 0x000000079b110000)
  to   space 68096K,   0% used [0x000000079b110000, 0x000000079b110000, 0x000000079f390000)
 concurrent mark-sweep generation total 1415616K, used 40586K [0x000000079f390000, 0x00000007f5a00000, 0x00000007f5a00000)
 concurrent-mark-sweep perm gen total 65536K, used 29400K [0x00000007f5a00000, 0x00000007f9a00000, 0x0000000800000000)
}
Event: 6.444 GC heap before
{Heap before GC invocations=6 (full 0):
 par new generation   total 613440K, used 610705K [0x0000000775a00000, 0x000000079f390000, 0x000000079f390000)
  eden space 545344K,  99% used [0x0000000775a00000, 0x0000000796e7a698, 0x0000000796e90000)
  from space 68096K,  96% used [0x0000000796e90000, 0x000000079ae79d90, 0x000000079b110000)
  to   space 68096K,   0% used [0x000000079b110000, 0x000000079b110000, 0x000000079f390000)
 concurrent mark-sweep generation total 1415616K, used 40586K [0x000000079f390000, 0x00000007f5a00000, 0x00000007f5a00000)
 concurrent-mark-sweep perm gen total 65536K, used 29423K [0x00000007f5a00000, 0x00000007f9a00000, 0x0000000800000000)
Event: 6.454 GC heap after
Heap after GC invocations=7 (full 0):
 par new generation   total 613440K, used 56747K [0x0000000775a00000, 0x000000079f390000, 0x000000079f390000)
  eden space 545344K,   0% used [0x0000000775a00000, 0x0000000775a00000, 0x0000000796e90000)
  from space 68096K,  83% used [0x000000079b110000, 0x000000079e87ace0, 0x000000079f390000)
  to   space 68096K,   0% used [0x0000000796e90000, 0x0000000796e90000, 0x000000079b110000)
 concurrent mark-sweep generation total 1415616K, used 42037K [0x000000079f390000, 0x00000007f5a00000, 0x00000007f5a00000)
 concurrent-mark-sweep perm gen total 65536K, used 29423K [0x00000007f5a00000, 0x00000007f9a00000, 0x0000000800000000)
}
Event: 6.537 GC heap before
{Heap before GC invocations=7 (full 0):
 par new generation   total 613440K, used 598593K [0x0000000775a00000, 0x000000079f390000, 0x000000079f390000)
  eden space 545344K,  99% used [0x0000000775a00000, 0x0000000796b25720, 0x0000000796e90000)
  from space 68096K,  83% used [0x000000079b110000, 0x000000079e87ace0, 0x000000079f390000)
  to   space 68096K,   0% used [0x0000000796e90000, 0x0000000796e90000, 0x000000079b110000)
 concurrent mark-sweep generation total 1415616K, used 42037K [0x000000079f390000, 0x00000007f5a00000, 0x00000007f5a00000)
 concurrent-mark-sweep perm gen total 65536K, used 29432K [0x00000007f5a00000, 0x00000007f9a00000, 0x0000000800000000)
Event: 6.540 GC heap after
Heap after GC invocations=8 (full 0):
 par new generation   total 613440K, used 3151K [0x0000000775a00000, 0x000000079f390000, 0x000000079f390000)
  eden space 545344K,   0% used [0x0000000775a00000, 0x0000000775a00000, 0x0000000796e90000)
  from space 68096K,   4% used [0x0000000796e90000, 0x00000007971a3e88, 0x000000079b110000)
  to   space 68096K,   0% used [0x000000079b110000, 0x000000079b110000, 0x000000079f390000)
 concurrent mark-sweep generation total 1415616K, used 43529K [0x000000079f390000, 0x00000007f5a00000, 0x00000007f5a00000)
 concurrent-mark-sweep perm gen total 65536K, used 29432K [0x00000007f5a00000, 0x00000007f9a00000, 0x0000000800000000)
}
Event: 6.625 GC heap before
{Heap before GC invocations=8 (full 0):
 par new generation   total 613440K, used 544761K [0x0000000775a00000, 0x000000079f390000, 0x000000079f390000)
  eden space 545344K,  99% used [0x0000000775a00000, 0x0000000796aea730, 0x0000000796e90000)
  from space 68096K,   4% used [0x0000000796e90000, 0x00000007971a3e88, 0x000000079b110000)
  to   space 68096K,   0% used [0x000000079b110000, 0x000000079b110000, 0x000000079f390000)
 concurrent mark-sweep generation total 1415616K, used 43529K [0x000000079f390000, 0x00000007f5a00000, 0x00000007f5a00000)
 concurrent-mark-sweep perm gen total 65536K, used 29446K [0x00000007f5a00000, 0x00000007f9a00000, 0x0000000800000000)
Event: 6.636 GC heap after
Heap after GC invocations=9 (full 0):
 par new generation   total 613440K, used 68096K [0x0000000775a00000, 0x000000079f390000, 0x000000079f390000)
  eden space 545344K,   0% used [0x0000000775a00000, 0x0000000775a00000, 0x0000000796e90000)
  from space 68096K, 100% used [0x000000079b110000, 0x000000079f390000, 0x000000079f390000)
  to   space 68096K,   0% used [0x0000000796e90000, 0x0000000796e90000, 0x000000079b110000)
 concurrent mark-sweep generation total 1415616K, used 43821K [0x000000079f390000, 0x00000007f5a00000, 0x00000007f5a00000)
 concurrent-mark-sweep perm gen total 65536K, used 29446K [0x00000007f5a00000, 0x00000007f9a00000, 0x0000000800000000)
}

