# JRE version: OpenJDK Runtime Environment (7.0_91-b02) (build 1.7.0_91-b02)
# Java VM: OpenJDK 64-Bit Server VM (24.91-b01 mixed mode linux-amd64 compressed oops)
Heap
 par new generation   total 613440K, used 288031K [0x0000000775a00000, 0x000000079f390000, 0x000000079f390000)
  eden space 545344K,  42% used [0x0000000775a00000, 0x0000000783eb0888, 0x0000000796e90000)
  from space 68096K,  79% used [0x000000079b110000, 0x000000079e5a76a0, 0x000000079f390000)
  to   space 68096K,   0% used [0x0000000796e90000, 0x0000000796e90000, 0x000000079b110000)
 concurrent mark-sweep generation total 1415616K, used 19620K [0x000000079f390000, 0x00000007f5a00000, 0x00000007f5a00000)
 concurrent-mark-sweep perm gen total 65536K, used 30267K [0x00000007f5a00000, 0x00000007f9a00000, 0x0000000800000000)
GC Heap History (10 events):
Event: 1.678 GC heap before
{Heap before GC invocations=0 (full 0):
 par new generation   total 613440K, used 545344K [0x0000000775a00000, 0x000000079f390000, 0x000000079f390000)
  eden space 545344K, 100% used [0x0000000775a00000, 0x0000000796e90000, 0x0000000796e90000)
  from space 68096K,   0% used [0x0000000796e90000, 0x0000000796e90000, 0x000000079b110000)
  to   space 68096K,   0% used [0x000000079b110000, 0x000000079b110000, 0x000000079f390000)
 concurrent mark-sweep generation total 1415616K, used 0K [0x000000079f390000, 0x00000007f5a00000, 0x00000007f5a00000)
 concurrent-mark-sweep perm gen total 65536K, used 26304K [0x00000007f5a00000, 0x00000007f9a00000, 0x0000000800000000)
Event: 1.694 GC heap after
Heap after GC invocations=1 (full 0):
 par new generation   total 613440K, used 17433K [0x0000000775a00000, 0x000000079f390000, 0x000000079f390000)
  eden space 545344K,   0% used [0x0000000775a00000, 0x0000000775a00000, 0x0000000796e90000)
  from space 68096K,  25% used [0x000000079b110000, 0x000000079c216470, 0x000000079f390000)
  to   space 68096K,   0% used [0x0000000796e90000, 0x0000000796e90000, 0x000000079b110000)
 concurrent mark-sweep generation total 1415616K, used 0K [0x000000079f390000, 0x00000007f5a00000, 0x00000007f5a00000)
 concurrent-mark-sweep perm gen total 65536K, used 26304K [0x00000007f5a00000, 0x00000007f9a00000, 0x0000000800000000)
}
Event: 8.386 GC heap before
{Heap before GC invocations=1 (full 0):
 par new generation   total 613440K, used 558667K [0x0000000775a00000, 0x000000079f390000, 0x000000079f390000)
  eden space 545344K,  99% used [0x0000000775a00000, 0x0000000796a8c7d0, 0x0000000796e90000)
  from space 68096K,  25% used [0x000000079b110000, 0x000000079c216470, 0x000000079f390000)
  to   space 68096K,   0% used [0x0000000796e90000, 0x0000000796e90000, 0x000000079b110000)
 concurrent mark-sweep generation total 1415616K, used 0K [0x000000079f390000, 0x00000007f5a00000, 0x00000007f5a00000)
 concurrent-mark-sweep perm gen total 65536K, used 29093K [0x00000007f5a00000, 0x00000007f9a00000, 0x0000000800000000)
Event: 8.404 GC heap after
Heap after GC invocations=2 (full 0):
 par new generation   total 613440K, used 68096K [0x0000000775a00000, 0x000000079f390000, 0x000000079f390000)
  eden space 545344K,   0% used [0x0000000775a00000, 0x0000000775a00000, 0x0000000796e90000)
  from space 68096K, 100% used [0x0000000796e90000, 0x000000079b110000, 0x000000079b110000)
  to   space 68096K,   0% used [0x000000079b110000, 0x000000079b110000, 0x000000079f390000)
 concurrent mark-sweep generation total 1415616K, used 11861K [0x000000079f390000, 0x00000007f5a00000, 0x00000007f5a00000)
 concurrent-mark-sweep perm gen total 65536K, used 29093K [0x00000007f5a00000, 0x00000007f9a00000, 0x0000000800000000)
}
Event: 8.557 GC heap before
{Heap before GC invocations=2 (full 0):
 par new generation   total 613440K, used 610809K [0x0000000775a00000, 0x000000079f390000, 0x000000079f390000)
  eden space 545344K,  99% used [0x0000000775a00000, 0x0000000796bfe6e8, 0x0000000796e90000)
  from space 68096K, 100% used [0x0000000796e90000, 0x000000079b110000, 0x000000079b110000)
  to   space 68096K,   0% used [0x000000079b110000, 0x000000079b110000, 0x000000079f390000)
 concurrent mark-sweep generation total 1415616K, used 11861K [0x000000079f390000, 0x00000007f5a00000, 0x00000007f5a00000)
 concurrent-mark-sweep perm gen total 65536K, used 29263K [0x00000007f5a00000, 0x00000007f9a00000, 0x0000000800000000)
Event: 8.568 GC heap after
Heap after GC invocations=3 (full 0):
 par new generation   total 613440K, used 27249K [0x0000000775a00000, 0x000000079f390000, 0x000000079f390000)
  eden space 545344K,   0% used [0x0000000775a00000, 0x0000000775a00000, 0x0000000796e90000)
  from space 68096K,  40% used [0x000000079b110000, 0x000000079cbac740, 0x000000079f390000)
  to   space 68096K,   0% used [0x0000000796e90000, 0x0000000796e90000, 0x000000079b110000)
 concurrent mark-sweep generation total 1415616K, used 19620K [0x000000079f390000, 0x00000007f5a00000, 0x00000007f5a00000)
 concurrent-mark-sweep perm gen total 65536K, used 29263K [0x00000007f5a00000, 0x00000007f9a00000, 0x0000000800000000)
}
Event: 8.629 GC heap before
{Heap before GC invocations=3 (full 0):
 par new generation   total 613440K, used 567514K [0x0000000775a00000, 0x000000079f390000, 0x000000079f390000)
  eden space 545344K,  99% used [0x0000000775a00000, 0x000000079699a130, 0x0000000796e90000)
  from space 68096K,  40% used [0x000000079b110000, 0x000000079cbac740, 0x000000079f390000)
  to   space 68096K,   0% used [0x0000000796e90000, 0x0000000796e90000, 0x000000079b110000)
 concurrent mark-sweep generation total 1415616K, used 19620K [0x000000079f390000, 0x00000007f5a00000, 0x00000007f5a00000)
 concurrent-mark-sweep perm gen total 65536K, used 29266K [0x00000007f5a00000, 0x00000007f9a00000, 0x0000000800000000)
Event: 8.634 GC heap after
Heap after GC invocations=4 (full 0):
 par new generation   total 613440K, used 7900K [0x0000000775a00000, 0x000000079f390000, 0x000000079f390000)
  eden space 545344K,   0% used [0x0000000775a00000, 0x0000000775a00000, 0x0000000796e90000)
  from space 68096K,  11% used [0x0000000796e90000, 0x0000000797647370, 0x000000079b110000)
  to   space 68096K,   0% used [0x000000079b110000, 0x000000079b110000, 0x000000079f390000)
 concurrent mark-sweep generation total 1415616K, used 19620K [0x000000079f390000, 0x00000007f5a00000, 0x00000007f5a00000)
 concurrent-mark-sweep perm gen total 65536K, used 29266K [0x00000007f5a00000, 0x00000007f9a00000, 0x0000000800000000)
}
Event: 8.774 GC heap before
{Heap before GC invocations=4 (full 0):
 par new generation   total 613440K, used 551031K [0x0000000775a00000, 0x000000079f390000, 0x000000079f390000)
  eden space 545344K,  99% used [0x0000000775a00000, 0x0000000796c66b40, 0x0000000796e90000)
  from space 68096K,  11% used [0x0000000796e90000, 0x0000000797647370, 0x000000079b110000)
  to   space 68096K,   0% used [0x000000079b110000, 0x000000079b110000, 0x000000079f390000)
 concurrent mark-sweep generation total 1415616K, used 19620K [0x000000079f390000, 0x00000007f5a00000, 0x00000007f5a00000)
 concurrent-mark-sweep perm gen total 65536K, used 29423K [0x00000007f5a00000, 0x00000007f9a00000, 0x0000000800000000)
Event: 8.784 GC heap after
Heap after GC invocations=5 (full 0):
 par new generation   total 613440K, used 53853K [0x0000000775a00000, 0x000000079f390000, 0x000000079f390000)
  eden space 545344K,   0% used [0x0000000775a00000, 0x0000000775a00000, 0x0000000796e90000)
  from space 68096K,  79% used [0x000000079b110000, 0x000000079e5a76a0, 0x000000079f390000)
  to   space 68096K,   0% used [0x0000000796e90000, 0x0000000796e90000, 0x000000079b110000)
 concurrent mark-sweep generation total 1415616K, used 19620K [0x000000079f390000, 0x00000007f5a00000, 0x00000007f5a00000)
 concurrent-mark-sweep perm gen total 65536K, used 29423K [0x00000007f5a00000, 0x00000007f9a00000, 0x0000000800000000)
}

