# JRE version: OpenJDK Runtime Environment (7.0_91-b02) (build 1.7.0_91-b02)
# Java VM: OpenJDK 64-Bit Server VM (24.91-b01 mixed mode linux-amd64 compressed oops)
Heap
 par new generation   total 613440K, used 549597K [0x0000000775a00000, 0x000000079f390000, 0x000000079f390000)
  eden space 545344K,  88% used [0x0000000775a00000, 0x0000000793037628, 0x0000000796e90000)
  from space 68096K, 100% used [0x000000079b110000, 0x000000079f390000, 0x000000079f390000)
  to   space 68096K,   0% used [0x0000000796e90000, 0x0000000796e90000, 0x000000079b110000)
 concurrent mark-sweep generation total 1415616K, used 88623K [0x000000079f390000, 0x00000007f5a00000, 0x00000007f5a00000)
 concurrent-mark-sweep perm gen total 65536K, used 30452K [0x00000007f5a00000, 0x00000007f9a00000, 0x0000000800000000)
GC Heap History (10 events):
Event: 7.410 GC heap before
{Heap before GC invocations=4 (full 0):
 par new generation   total 613440K, used 546886K [0x0000000775a00000, 0x000000079f390000, 0x000000079f390000)
  eden space 545344K,  99% used [0x0000000775a00000, 0x0000000796d4a5e8, 0x0000000796e90000)
  from space 68096K,   4% used [0x0000000796e90000, 0x0000000797157318, 0x000000079b110000)
  to   space 68096K,   0% used [0x000000079b110000, 0x000000079b110000, 0x000000079f390000)
 concurrent mark-sweep generation total 1415616K, used 42252K [0x000000079f390000, 0x00000007f5a00000, 0x00000007f5a00000)
 concurrent-mark-sweep perm gen total 65536K, used 29386K [0x00000007f5a00000, 0x00000007f9a00000, 0x0000000800000000)
Event: 7.420 GC heap after
Heap after GC invocations=5 (full 0):
 par new generation   total 613440K, used 56440K [0x0000000775a00000, 0x000000079f390000, 0x000000079f390000)
  eden space 545344K,   0% used [0x0000000775a00000, 0x0000000775a00000, 0x0000000796e90000)
  from space 68096K,  82% used [0x000000079b110000, 0x000000079e82e138, 0x000000079f390000)
  to   space 68096K,   0% used [0x0000000796e90000, 0x0000000796e90000, 0x000000079b110000)
 concurrent mark-sweep generation total 1415616K, used 42252K [0x000000079f390000, 0x00000007f5a00000, 0x00000007f5a00000)
 concurrent-mark-sweep perm gen total 65536K, used 29386K [0x00000007f5a00000, 0x00000007f9a00000, 0x0000000800000000)
}
Event: 7.542 GC heap before
{Heap before GC invocations=5 (full 0):
 par new generation   total 613440K, used 598112K [0x0000000775a00000, 0x000000079f390000, 0x000000079f390000)
  eden space 545344K,  99% used [0x0000000775a00000, 0x0000000796afa108, 0x0000000796e90000)
  from space 68096K,  82% used [0x000000079b110000, 0x000000079e82e138, 0x000000079f390000)
  to   space 68096K,   0% used [0x0000000796e90000, 0x0000000796e90000, 0x000000079b110000)
 concurrent mark-sweep generation total 1415616K, used 42252K [0x000000079f390000, 0x00000007f5a00000, 0x00000007f5a00000)
 concurrent-mark-sweep perm gen total 65536K, used 29406K [0x00000007f5a00000, 0x00000007f9a00000, 0x0000000800000000)
Event: 7.558 GC heap after
Heap after GC invocations=6 (full 0):
 par new generation   total 613440K, used 68096K [0x0000000775a00000, 0x000000079f390000, 0x000000079f390000)
  eden space 545344K,   0% used [0x0000000775a00000, 0x0000000775a00000, 0x0000000796e90000)
  from space 68096K, 100% used [0x0000000796e90000, 0x000000079b110000, 0x000000079b110000)
  to   space 68096K,   0% used [0x000000079b110000, 0x000000079b110000, 0x000000079f390000)
 concurrent mark-sweep generation total 1415616K, used 68859K [0x000000079f390000, 0x00000007f5a00000, 0x00000007f5a00000)
 concurrent-mark-sweep perm gen total 65536K, used 29406K [0x00000007f5a00000, 0x00000007f9a00000, 0x0000000800000000)
}
Event: 7.685 GC heap before
{Heap before GC invocations=6 (full 0):
 par new generation   total 613440K, used 611759K [0x0000000775a00000, 0x000000079f390000, 0x000000079f390000)
  eden space 545344K,  99% used [0x0000000775a00000, 0x0000000796cebf20, 0x0000000796e90000)
  from space 68096K, 100% used [0x0000000796e90000, 0x000000079b110000, 0x000000079b110000)
  to   space 68096K,   0% used [0x000000079b110000, 0x000000079b110000, 0x000000079f390000)
 concurrent mark-sweep generation total 1415616K, used 68859K [0x000000079f390000, 0x00000007f5a00000, 0x00000007f5a00000)
 concurrent-mark-sweep perm gen total 65536K, used 29478K [0x00000007f5a00000, 0x00000007f9a00000, 0x0000000800000000)
Event: 7.697 GC heap after
Heap after GC invocations=7 (full 0):
 par new generation   total 613440K, used 61242K [0x0000000775a00000, 0x000000079f390000, 0x000000079f390000)
  eden space 545344K,   0% used [0x0000000775a00000, 0x0000000775a00000, 0x0000000796e90000)
  from space 68096K,  89% used [0x000000079b110000, 0x000000079ecdeb18, 0x000000079f390000)
  to   space 68096K,   0% used [0x0000000796e90000, 0x0000000796e90000, 0x000000079b110000)
 concurrent mark-sweep generation total 1415616K, used 70215K [0x000000079f390000, 0x00000007f5a00000, 0x00000007f5a00000)
 concurrent-mark-sweep perm gen total 65536K, used 29478K [0x00000007f5a00000, 0x00000007f9a00000, 0x0000000800000000)
}
Event: 7.787 GC heap before
{Heap before GC invocations=7 (full 0):
 par new generation   total 613440K, used 602946K [0x0000000775a00000, 0x000000079f390000, 0x000000079f390000)
  eden space 545344K,  99% used [0x0000000775a00000, 0x0000000796b01dc0, 0x0000000796e90000)
  from space 68096K,  89% used [0x000000079b110000, 0x000000079ecdeb18, 0x000000079f390000)
  to   space 68096K,   0% used [0x0000000796e90000, 0x0000000796e90000, 0x000000079b110000)
 concurrent mark-sweep generation total 1415616K, used 70215K [0x000000079f390000, 0x00000007f5a00000, 0x00000007f5a00000)
 concurrent-mark-sweep perm gen total 65536K, used 29485K [0x00000007f5a00000, 0x00000007f9a00000, 0x0000000800000000)
Event: 7.791 GC heap after
Heap after GC invocations=8 (full 0):
 par new generation   total 613440K, used 7205K [0x0000000775a00000, 0x000000079f390000, 0x000000079f390000)
  eden space 545344K,   0% used [0x0000000775a00000, 0x0000000775a00000, 0x0000000796e90000)
  from space 68096K,  10% used [0x0000000796e90000, 0x00000007975996b0, 0x000000079b110000)
  to   space 68096K,   0% used [0x000000079b110000, 0x000000079b110000, 0x000000079f390000)
 concurrent mark-sweep generation total 1415616K, used 71946K [0x000000079f390000, 0x00000007f5a00000, 0x00000007f5a00000)
 concurrent-mark-sweep perm gen total 65536K, used 29485K [0x00000007f5a00000, 0x00000007f9a00000, 0x0000000800000000)
}
Event: 7.877 GC heap before
{Heap before GC invocations=8 (full 0):
 par new generation   total 613440K, used 548683K [0x0000000775a00000, 0x000000079f390000, 0x000000079f390000)
  eden space 545344K,  99% used [0x0000000775a00000, 0x0000000796ac9748, 0x0000000796e90000)
  from space 68096K,  10% used [0x0000000796e90000, 0x00000007975996b0, 0x000000079b110000)
  to   space 68096K,   0% used [0x000000079b110000, 0x000000079b110000, 0x000000079f390000)
 concurrent mark-sweep generation total 1415616K, used 71946K [0x000000079f390000, 0x00000007f5a00000, 0x00000007f5a00000)
 concurrent-mark-sweep perm gen total 65536K, used 29499K [0x00000007f5a00000, 0x00000007f9a00000, 0x0000000800000000)
Event: 7.891 GC heap after
Heap after GC invocations=9 (full 0):
 par new generation   total 613440K, used 68096K [0x0000000775a00000, 0x000000079f390000, 0x000000079f390000)
  eden space 545344K,   0% used [0x0000000775a00000, 0x0000000775a00000, 0x0000000796e90000)
  from space 68096K, 100% used [0x000000079b110000, 0x000000079f390000, 0x000000079f390000)
  to   space 68096K,   0% used [0x0000000796e90000, 0x0000000796e90000, 0x000000079b110000)
 concurrent mark-sweep generation total 1415616K, used 88623K [0x000000079f390000, 0x00000007f5a00000, 0x00000007f5a00000)
 concurrent-mark-sweep perm gen total 65536K, used 29499K [0x00000007f5a00000, 0x00000007f9a00000, 0x0000000800000000)
}

