# JRE version: OpenJDK Runtime Environment (7.0_91-b02) (build 1.7.0_91-b02)
# Java VM: OpenJDK 64-Bit Server VM (24.91-b01 mixed mode linux-amd64 compressed oops)
Heap
 par new generation   total 613440K, used 515232K [0x0000000775a00000, 0x000000079f390000, 0x000000079f390000)
  eden space 545344K,  81% used [0x0000000775a00000, 0x0000000790ea8370, 0x0000000796e90000)
  from space 68096K, 100% used [0x000000079b110000, 0x000000079f390000, 0x000000079f390000)
  to   space 68096K,   0% used [0x0000000796e90000, 0x0000000796e90000, 0x000000079b110000)
 concurrent mark-sweep generation total 1415616K, used 66368K [0x000000079f390000, 0x00000007f5a00000, 0x00000007f5a00000)
 concurrent-mark-sweep perm gen total 65536K, used 30468K [0x00000007f5a00000, 0x00000007f9a00000, 0x0000000800000000)
GC Heap History (10 events):
Event: 5.743 GC heap before
{Heap before GC invocations=4 (full 0):
 par new generation   total 613440K, used 547565K [0x0000000775a00000, 0x000000079f390000, 0x000000079f390000)
  eden space 545344K,  99% used [0x0000000775a00000, 0x0000000796d16b10, 0x0000000796e90000)
  from space 68096K,   5% used [0x0000000796e90000, 0x0000000797234a68, 0x000000079b110000)
  to   space 68096K,   0% used [0x000000079b110000, 0x000000079b110000, 0x000000079f390000)
 concurrent mark-sweep generation total 1415616K, used 35892K [0x000000079f390000, 0x00000007f5a00000, 0x00000007f5a00000)
 concurrent-mark-sweep perm gen total 65536K, used 29404K [0x00000007f5a00000, 0x00000007f9a00000, 0x0000000800000000)
Event: 5.753 GC heap after
Heap after GC invocations=5 (full 0):
 par new generation   total 613440K, used 61519K [0x0000000775a00000, 0x000000079f390000, 0x000000079f390000)
  eden space 545344K,   0% used [0x0000000775a00000, 0x0000000775a00000, 0x0000000796e90000)
  from space 68096K,  90% used [0x000000079b110000, 0x000000079ed23ec8, 0x000000079f390000)
  to   space 68096K,   0% used [0x0000000796e90000, 0x0000000796e90000, 0x000000079b110000)
 concurrent mark-sweep generation total 1415616K, used 35892K [0x000000079f390000, 0x00000007f5a00000, 0x00000007f5a00000)
 concurrent-mark-sweep perm gen total 65536K, used 29404K [0x00000007f5a00000, 0x00000007f9a00000, 0x0000000800000000)
}
Event: 5.885 GC heap before
{Heap before GC invocations=5 (full 0):
 par new generation   total 613440K, used 603215K [0x0000000775a00000, 0x000000079f390000, 0x000000079f390000)
  eden space 545344K,  99% used [0x0000000775a00000, 0x0000000796b000c8, 0x0000000796e90000)
  from space 68096K,  90% used [0x000000079b110000, 0x000000079ed23ec8, 0x000000079f390000)
  to   space 68096K,   0% used [0x0000000796e90000, 0x0000000796e90000, 0x000000079b110000)
 concurrent mark-sweep generation total 1415616K, used 35892K [0x000000079f390000, 0x00000007f5a00000, 0x00000007f5a00000)
 concurrent-mark-sweep perm gen total 65536K, used 29429K [0x00000007f5a00000, 0x00000007f9a00000, 0x0000000800000000)
Event: 5.894 GC heap after
Heap after GC invocations=6 (full 0):
 par new generation   total 613440K, used 48738K [0x0000000775a00000, 0x000000079f390000, 0x000000079f390000)
  eden space 545344K,   0% used [0x0000000775a00000, 0x0000000775a00000, 0x0000000796e90000)
  from space 68096K,  71% used [0x0000000796e90000, 0x0000000799e28ab0, 0x000000079b110000)
  to   space 68096K,   0% used [0x000000079b110000, 0x000000079b110000, 0x000000079f390000)
 concurrent mark-sweep generation total 1415616K, used 38210K [0x000000079f390000, 0x00000007f5a00000, 0x00000007f5a00000)
 concurrent-mark-sweep perm gen total 65536K, used 29429K [0x00000007f5a00000, 0x00000007f9a00000, 0x0000000800000000)
}
Event: 6.018 GC heap before
{Heap before GC invocations=6 (full 0):
 par new generation   total 613440K, used 593942K [0x0000000775a00000, 0x000000079f390000, 0x000000079f390000)
  eden space 545344K,  99% used [0x0000000775a00000, 0x0000000796e6ce38, 0x0000000796e90000)
  from space 68096K,  71% used [0x0000000796e90000, 0x0000000799e28ab0, 0x000000079b110000)
  to   space 68096K,   0% used [0x000000079b110000, 0x000000079b110000, 0x000000079f390000)
 concurrent mark-sweep generation total 1415616K, used 38210K [0x000000079f390000, 0x00000007f5a00000, 0x00000007f5a00000)
 concurrent-mark-sweep perm gen total 65536K, used 29444K [0x00000007f5a00000, 0x00000007f9a00000, 0x0000000800000000)
Event: 6.032 GC heap after
Heap after GC invocations=7 (full 0):
 par new generation   total 613440K, used 68096K [0x0000000775a00000, 0x000000079f390000, 0x000000079f390000)
  eden space 545344K,   0% used [0x0000000775a00000, 0x0000000775a00000, 0x0000000796e90000)
  from space 68096K, 100% used [0x000000079b110000, 0x000000079f390000, 0x000000079f390000)
  to   space 68096K,   0% used [0x0000000796e90000, 0x0000000796e90000, 0x000000079b110000)
 concurrent mark-sweep generation total 1415616K, used 40278K [0x000000079f390000, 0x00000007f5a00000, 0x00000007f5a00000)
 concurrent-mark-sweep perm gen total 65536K, used 29444K [0x00000007f5a00000, 0x00000007f9a00000, 0x0000000800000000)
}
Event: 6.117 GC heap before
{Heap before GC invocations=7 (full 0):
 par new generation   total 613440K, used 612233K [0x0000000775a00000, 0x000000079f390000, 0x000000079f390000)
  eden space 545344K,  99% used [0x0000000775a00000, 0x0000000796d624c8, 0x0000000796e90000)
  from space 68096K, 100% used [0x000000079b110000, 0x000000079f390000, 0x000000079f390000)
  to   space 68096K,   0% used [0x0000000796e90000, 0x0000000796e90000, 0x000000079b110000)
 concurrent mark-sweep generation total 1415616K, used 40278K [0x000000079f390000, 0x00000007f5a00000, 0x00000007f5a00000)
 concurrent-mark-sweep perm gen total 65536K, used 29452K [0x00000007f5a00000, 0x00000007f9a00000, 0x0000000800000000)
Event: 6.124 GC heap after
Heap after GC invocations=8 (full 0):
 par new generation   total 613440K, used 6615K [0x0000000775a00000, 0x000000079f390000, 0x000000079f390000)
  eden space 545344K,   0% used [0x0000000775a00000, 0x0000000775a00000, 0x0000000796e90000)
  from space 68096K,   9% used [0x0000000796e90000, 0x0000000797505c38, 0x000000079b110000)
  to   space 68096K,   0% used [0x000000079b110000, 0x000000079b110000, 0x000000079f390000)
 concurrent mark-sweep generation total 1415616K, used 41285K [0x000000079f390000, 0x00000007f5a00000, 0x00000007f5a00000)
 concurrent-mark-sweep perm gen total 65536K, used 29452K [0x00000007f5a00000, 0x00000007f9a00000, 0x0000000800000000)
}
Event: 6.208 GC heap before
{Heap before GC invocations=8 (full 0):
 par new generation   total 613440K, used 544149K [0x0000000775a00000, 0x000000079f390000, 0x000000079f390000)
  eden space 545344K,  98% used [0x0000000775a00000, 0x00000007966ef8b0, 0x0000000796e90000)
  from space 68096K,   9% used [0x0000000796e90000, 0x0000000797505c38, 0x000000079b110000)
  to   space 68096K,   0% used [0x000000079b110000, 0x000000079b110000, 0x000000079f390000)
 concurrent mark-sweep generation total 1415616K, used 41285K [0x000000079f390000, 0x00000007f5a00000, 0x00000007f5a00000)
 concurrent-mark-sweep perm gen total 65536K, used 29466K [0x00000007f5a00000, 0x00000007f9a00000, 0x0000000800000000)
Event: 6.224 GC heap after
Heap after GC invocations=9 (full 0):
 par new generation   total 613440K, used 68096K [0x0000000775a00000, 0x000000079f390000, 0x000000079f390000)
  eden space 545344K,   0% used [0x0000000775a00000, 0x0000000775a00000, 0x0000000796e90000)
  from space 68096K, 100% used [0x000000079b110000, 0x000000079f390000, 0x000000079f390000)
  to   space 68096K,   0% used [0x0000000796e90000, 0x0000000796e90000, 0x000000079b110000)
 concurrent mark-sweep generation total 1415616K, used 66368K [0x000000079f390000, 0x00000007f5a00000, 0x00000007f5a00000)
 concurrent-mark-sweep perm gen total 65536K, used 29466K [0x00000007f5a00000, 0x00000007f9a00000, 0x0000000800000000)
}

